{"D:\\Major Project\\repo-explorer-backend\\server.js": {"path":"D:\\Major Project\\repo-explorer-backend\\server.js","statementMap":{"0":{"start":{"line":1,"column":0},"end":{"line":1,"column":27}},"1":{"start":{"line":3,"column":16},"end":{"line":3,"column":34}},"2":{"start":{"line":4,"column":13},"end":{"line":4,"column":28}},"3":{"start":{"line":6,"column":19},"end":{"line":6,"column":56}},"4":{"start":{"line":7,"column":18},"end":{"line":7,"column":40}},"5":{"start":{"line":9,"column":21},"end":{"line":9,"column":58}},"6":{"start":{"line":10,"column":17},"end":{"line":10,"column":50}},"7":{"start":{"line":12,"column":23},"end":{"line":12,"column":59}},"8":{"start":{"line":13,"column":15},"end":{"line":13,"column":46}},"9":{"start":{"line":14,"column":18},"end":{"line":14,"column":52}},"10":{"start":{"line":15,"column":16},"end":{"line":15,"column":48}},"11":{"start":{"line":17,"column":12},"end":{"line":17,"column":21}},"12":{"start":{"line":19,"column":0},"end":{"line":19,"column":16}},"13":{"start":{"line":20,"column":0},"end":{"line":20,"column":24}},"14":{"start":{"line":23,"column":0},"end":{"line":23,"column":19}},"15":{"start":{"line":24,"column":0},"end":{"line":24,"column":16}},"16":{"start":{"line":25,"column":0},"end":{"line":25,"column":24}},"17":{"start":{"line":28,"column":0},"end":{"line":28,"column":28}},"18":{"start":{"line":31,"column":0},"end":{"line":31,"column":36}},"19":{"start":{"line":34,"column":0},"end":{"line":34,"column":18}},"20":{"start":{"line":35,"column":0},"end":{"line":35,"column":22}},"21":{"start":{"line":37,"column":13},"end":{"line":37,"column":37}},"22":{"start":{"line":42,"column":2},"end":{"line":42,"column":20}},"23":{"start":{"line":44,"column":2},"end":{"line":46,"column":5}},"24":{"start":{"line":45,"column":4},"end":{"line":45,"column":50}},"25":{"start":{"line":50,"column":0},"end":{"line":52,"column":1}},"26":{"start":{"line":51,"column":2},"end":{"line":51,"column":16}},"27":{"start":{"line":55,"column":0},"end":{"line":55,"column":21}},"28":{"start":{"line":58,"column":0},"end":{"line":58,"column":31}}},"fnMap":{"0":{"name":"startServer","decl":{"start":{"line":41,"column":15},"end":{"line":41,"column":26}},"loc":{"start":{"line":41,"column":29},"end":{"line":47,"column":1}},"line":41},"1":{"name":"(anonymous_1)","decl":{"start":{"line":44,"column":28},"end":{"line":44,"column":29}},"loc":{"start":{"line":44,"column":34},"end":{"line":46,"column":3}},"line":44}},"branchMap":{"0":{"loc":{"start":{"line":37,"column":13},"end":{"line":37,"column":37}},"type":"binary-expr","locations":[{"start":{"line":37,"column":13},"end":{"line":37,"column":29}},{"start":{"line":37,"column":33},"end":{"line":37,"column":37}}],"line":37},"1":{"loc":{"start":{"line":50,"column":0},"end":{"line":52,"column":1}},"type":"if","locations":[{"start":{"line":50,"column":0},"end":{"line":52,"column":1}},{"start":{},"end":{}}],"line":50}},"s":{"0":2,"1":2,"2":2,"3":2,"4":2,"5":2,"6":2,"7":2,"8":2,"9":2,"10":2,"11":2,"12":2,"13":2,"14":2,"15":2,"16":2,"17":2,"18":2,"19":2,"20":2,"21":2,"22":0,"23":0,"24":0,"25":2,"26":0,"27":2,"28":2},"f":{"0":0,"1":0},"b":{"0":[2,2],"1":[0,2]},"_coverageSchema":"1a1c01bbd47fc00a2c39e90264f33305004495a9","hash":"c88895cb4e3a8a4518a938d56da2e9652f63f61f"}
,"D:\\Major Project\\repo-explorer-backend\\config\\db.js": {"path":"D:\\Major Project\\repo-explorer-backend\\config\\db.js","statementMap":{"0":{"start":{"line":1,"column":17},"end":{"line":1,"column":36}},"1":{"start":{"line":6,"column":2},"end":{"line":9,"column":3}},"2":{"start":{"line":7,"column":4},"end":{"line":7,"column":58}},"3":{"start":{"line":8,"column":4},"end":{"line":8,"column":11}},"4":{"start":{"line":11,"column":2},"end":{"line":22,"column":3}},"5":{"start":{"line":13,"column":4},"end":{"line":13,"column":50}},"6":{"start":{"line":15,"column":4},"end":{"line":15,"column":37}},"7":{"start":{"line":19,"column":4},"end":{"line":19,"column":63}},"8":{"start":{"line":20,"column":4},"end":{"line":20,"column":20}},"9":{"start":{"line":25,"column":0},"end":{"line":25,"column":27}}},"fnMap":{"0":{"name":"connectDB","decl":{"start":{"line":3,"column":15},"end":{"line":3,"column":24}},"loc":{"start":{"line":3,"column":27},"end":{"line":23,"column":1}},"line":3}},"branchMap":{"0":{"loc":{"start":{"line":6,"column":2},"end":{"line":9,"column":3}},"type":"if","locations":[{"start":{"line":6,"column":2},"end":{"line":9,"column":3}},{"start":{},"end":{}}],"line":6}},"s":{"0":2,"1":0,"2":0,"3":0,"4":0,"5":0,"6":0,"7":0,"8":0,"9":2},"f":{"0":0},"b":{"0":[0,0]},"_coverageSchema":"1a1c01bbd47fc00a2c39e90264f33305004495a9","hash":"6b9923b1087e41ba7c673d28647eab8d5c3f5ddb"}
,"D:\\Major Project\\repo-explorer-backend\\middlewares\\errorHandler.js": {"path":"D:\\Major Project\\repo-explorer-backend\\middlewares\\errorHandler.js","statementMap":{"0":{"start":{"line":3,"column":2},"end":{"line":3,"column":44}},"1":{"start":{"line":5,"column":2},"end":{"line":9,"column":5}},"2":{"start":{"line":12,"column":0},"end":{"line":12,"column":30}}},"fnMap":{"0":{"name":"errorHandler","decl":{"start":{"line":1,"column":9},"end":{"line":1,"column":21}},"loc":{"start":{"line":1,"column":43},"end":{"line":10,"column":1}},"line":1}},"branchMap":{"0":{"loc":{"start":{"line":5,"column":13},"end":{"line":5,"column":30}},"type":"binary-expr","locations":[{"start":{"line":5,"column":13},"end":{"line":5,"column":23}},{"start":{"line":5,"column":27},"end":{"line":5,"column":30}}],"line":5},"1":{"loc":{"start":{"line":8,"column":13},"end":{"line":8,"column":51}},"type":"binary-expr","locations":[{"start":{"line":8,"column":13},"end":{"line":8,"column":24}},{"start":{"line":8,"column":28},"end":{"line":8,"column":51}}],"line":8}},"s":{"0":0,"1":0,"2":2},"f":{"0":0},"b":{"0":[0,0],"1":[0,0]},"_coverageSchema":"1a1c01bbd47fc00a2c39e90264f33305004495a9","hash":"8d62f425930c12025edb66bfc5370c503324a091"}
,"D:\\Major Project\\repo-explorer-backend\\middlewares\\logger.js": {"path":"D:\\Major Project\\repo-explorer-backend\\middlewares\\logger.js","statementMap":{"0":{"start":{"line":1,"column":15},"end":{"line":1,"column":32}},"1":{"start":{"line":3,"column":15},"end":{"line":5,"column":1}},"2":{"start":{"line":7,"column":0},"end":{"line":7,"column":24}}},"fnMap":{},"branchMap":{},"s":{"0":2,"1":2,"2":2},"f":{},"b":{},"_coverageSchema":"1a1c01bbd47fc00a2c39e90264f33305004495a9","hash":"74cfa27e89a3f44cd005574cf543feb8c1ae563e"}
,"D:\\Major Project\\repo-explorer-backend\\middlewares\\notFound.js": {"path":"D:\\Major Project\\repo-explorer-backend\\middlewares\\notFound.js","statementMap":{"0":{"start":{"line":3,"column":2},"end":{"line":6,"column":5}},"1":{"start":{"line":9,"column":0},"end":{"line":9,"column":26}}},"fnMap":{"0":{"name":"notFound","decl":{"start":{"line":1,"column":9},"end":{"line":1,"column":17}},"loc":{"start":{"line":1,"column":28},"end":{"line":7,"column":1}},"line":1}},"branchMap":{},"s":{"0":0,"1":2},"f":{"0":0},"b":{},"_coverageSchema":"1a1c01bbd47fc00a2c39e90264f33305004495a9","hash":"b9e2e562f5b883b35df80657fb3475c87ab32ab0"}
,"D:\\Major Project\\repo-explorer-backend\\middlewares\\rateLimiter.js": {"path":"D:\\Major Project\\repo-explorer-backend\\middlewares\\rateLimiter.js","statementMap":{"0":{"start":{"line":1,"column":18},"end":{"line":1,"column":47}},"1":{"start":{"line":6,"column":19},"end":{"line":15,"column":2}},"2":{"start":{"line":20,"column":18},"end":{"line":27,"column":2}},"3":{"start":{"line":29,"column":0},"end":{"line":32,"column":2}}},"fnMap":{},"branchMap":{},"s":{"0":2,"1":2,"2":2,"3":2},"f":{},"b":{},"_coverageSchema":"1a1c01bbd47fc00a2c39e90264f33305004495a9","hash":"7cd51af4fa2d619419c9c1354fd1b18ec03a7c40"}
,"D:\\Major Project\\repo-explorer-backend\\middlewares\\requestId.js": {"path":"D:\\Major Project\\repo-explorer-backend\\middlewares\\requestId.js","statementMap":{"0":{"start":{"line":1,"column":15},"end":{"line":1,"column":32}},"1":{"start":{"line":4,"column":2},"end":{"line":4,"column":31}},"2":{"start":{"line":5,"column":2},"end":{"line":5,"column":9}},"3":{"start":{"line":8,"column":0},"end":{"line":8,"column":27}}},"fnMap":{"0":{"name":"requestId","decl":{"start":{"line":3,"column":9},"end":{"line":3,"column":18}},"loc":{"start":{"line":3,"column":35},"end":{"line":6,"column":1}},"line":3}},"branchMap":{},"s":{"0":2,"1":4,"2":4,"3":2},"f":{"0":4},"b":{},"_coverageSchema":"1a1c01bbd47fc00a2c39e90264f33305004495a9","hash":"a5a4e95d64fb5b479c76d74b77fa1d4dfb6e56c6"}
,"D:\\Major Project\\repo-explorer-backend\\middlewares\\timeout.js": {"path":"D:\\Major Project\\repo-explorer-backend\\middlewares\\timeout.js","statementMap":{"0":{"start":{"line":2,"column":2},"end":{"line":16,"column":4}},"1":{"start":{"line":4,"column":18},"end":{"line":11,"column":10}},"2":{"start":{"line":6,"column":6},"end":{"line":9,"column":9}},"3":{"start":{"line":13,"column":4},"end":{"line":13,"column":48}},"4":{"start":{"line":13,"column":27},"end":{"line":13,"column":46}},"5":{"start":{"line":15,"column":4},"end":{"line":15,"column":11}},"6":{"start":{"line":19,"column":0},"end":{"line":19,"column":25}}},"fnMap":{"0":{"name":"timeout","decl":{"start":{"line":1,"column":9},"end":{"line":1,"column":16}},"loc":{"start":{"line":1,"column":21},"end":{"line":17,"column":1}},"line":1},"1":{"name":"(anonymous_1)","decl":{"start":{"line":2,"column":9},"end":{"line":2,"column":10}},"loc":{"start":{"line":2,"column":29},"end":{"line":16,"column":3}},"line":2},"2":{"name":"(anonymous_2)","decl":{"start":{"line":4,"column":29},"end":{"line":4,"column":30}},"loc":{"start":{"line":4,"column":35},"end":{"line":11,"column":5}},"line":4},"3":{"name":"(anonymous_3)","decl":{"start":{"line":13,"column":21},"end":{"line":13,"column":22}},"loc":{"start":{"line":13,"column":27},"end":{"line":13,"column":46}},"line":13}},"branchMap":{},"s":{"0":2,"1":4,"2":0,"3":4,"4":4,"5":4,"6":2},"f":{"0":2,"1":4,"2":0,"3":4},"b":{},"_coverageSchema":"1a1c01bbd47fc00a2c39e90264f33305004495a9","hash":"e570bcea29e16dacc0b9c07714977dc1d55465e0"}
,"D:\\Major Project\\repo-explorer-backend\\middlewares\\validate.js": {"path":"D:\\Major Project\\repo-explorer-backend\\middlewares\\validate.js","statementMap":{"0":{"start":{"line":2,"column":2},"end":{"line":20,"column":4}},"1":{"start":{"line":3,"column":4},"end":{"line":19,"column":5}},"2":{"start":{"line":4,"column":21},"end":{"line":4,"column":50}},"3":{"start":{"line":6,"column":6},"end":{"line":11,"column":7}},"4":{"start":{"line":7,"column":8},"end":{"line":10,"column":11}},"5":{"start":{"line":13,"column":6},"end":{"line":13,"column":32}},"6":{"start":{"line":15,"column":6},"end":{"line":15,"column":13}},"7":{"start":{"line":18,"column":6},"end":{"line":18,"column":16}},"8":{"start":{"line":23,"column":0},"end":{"line":23,"column":26}}},"fnMap":{"0":{"name":"validate","decl":{"start":{"line":1,"column":9},"end":{"line":1,"column":17}},"loc":{"start":{"line":1,"column":43},"end":{"line":21,"column":1}},"line":1},"1":{"name":"(anonymous_1)","decl":{"start":{"line":2,"column":9},"end":{"line":2,"column":10}},"loc":{"start":{"line":2,"column":29},"end":{"line":20,"column":3}},"line":2}},"branchMap":{"0":{"loc":{"start":{"line":1,"column":26},"end":{"line":1,"column":41}},"type":"default-arg","locations":[{"start":{"line":1,"column":35},"end":{"line":1,"column":41}}],"line":1},"1":{"loc":{"start":{"line":6,"column":6},"end":{"line":11,"column":7}},"type":"if","locations":[{"start":{"line":6,"column":6},"end":{"line":11,"column":7}},{"start":{},"end":{}}],"line":6}},"s":{"0":10,"1":4,"2":4,"3":4,"4":2,"5":2,"6":2,"7":0,"8":2},"f":{"0":10,"1":4},"b":{"0":[2],"1":[2,2]},"_coverageSchema":"1a1c01bbd47fc00a2c39e90264f33305004495a9","hash":"8814237a484746edad3892e39c210417a31a620f"}
,"D:\\Major Project\\repo-explorer-backend\\models\\fileCache.model.js": {"path":"D:\\Major Project\\repo-explorer-backend\\models\\fileCache.model.js","statementMap":{"0":{"start":{"line":1,"column":17},"end":{"line":1,"column":36}},"1":{"start":{"line":3,"column":24},"end":{"line":16,"column":24}},"2":{"start":{"line":19,"column":0},"end":{"line":22,"column":2}},"3":{"start":{"line":25,"column":0},"end":{"line":28,"column":2}},"4":{"start":{"line":31,"column":0},"end":{"line":31,"column":47}},"5":{"start":{"line":33,"column":0},"end":{"line":35,"column":47}}},"fnMap":{},"branchMap":{"0":{"loc":{"start":{"line":34,"column":2},"end":{"line":35,"column":46}},"type":"binary-expr","locations":[{"start":{"line":34,"column":2},"end":{"line":34,"column":27}},{"start":{"line":35,"column":2},"end":{"line":35,"column":46}}],"line":34}},"s":{"0":1,"1":1,"2":1,"3":1,"4":1,"5":1},"f":{},"b":{"0":[1,1]},"_coverageSchema":"1a1c01bbd47fc00a2c39e90264f33305004495a9","hash":"c80e1cbf504036a7bf0c6ff781fce4836b5b5109"}
,"D:\\Major Project\\repo-explorer-backend\\models\\repoCache.model.js": {"path":"D:\\Major Project\\repo-explorer-backend\\models\\repoCache.model.js","statementMap":{"0":{"start":{"line":1,"column":17},"end":{"line":1,"column":36}},"1":{"start":{"line":3,"column":24},"end":{"line":14,"column":24}},"2":{"start":{"line":17,"column":0},"end":{"line":20,"column":2}},"3":{"start":{"line":23,"column":0},"end":{"line":26,"column":2}},"4":{"start":{"line":28,"column":0},"end":{"line":30,"column":47}}},"fnMap":{},"branchMap":{"0":{"loc":{"start":{"line":29,"column":2},"end":{"line":30,"column":46}},"type":"binary-expr","locations":[{"start":{"line":29,"column":2},"end":{"line":29,"column":27}},{"start":{"line":30,"column":2},"end":{"line":30,"column":46}}],"line":29}},"s":{"0":4,"1":4,"2":4,"3":4,"4":4},"f":{},"b":{"0":[4,4]},"_coverageSchema":"1a1c01bbd47fc00a2c39e90264f33305004495a9","hash":"41b14ab61cc33bdaf30c5219241673fedd4c7934"}
,"D:\\Major Project\\repo-explorer-backend\\modules\\ai\\ai.service.js": {"path":"D:\\Major Project\\repo-explorer-backend\\modules\\ai\\ai.service.js","statementMap":{"0":{"start":{"line":1,"column":14},"end":{"line":1,"column":30}},"1":{"start":{"line":4,"column":2},"end":{"line":4,"column":95}},"2":{"start":{"line":6,"column":16},"end":{"line":6,"column":42}},"3":{"start":{"line":14,"column":2},"end":{"line":21,"column":40}},"4":{"start":{"line":17,"column":6},"end":{"line":19,"column":13}},"5":{"start":{"line":18,"column":8},"end":{"line":18,"column":50}},"6":{"start":{"line":21,"column":19},"end":{"line":21,"column":38}},"7":{"start":{"line":29,"column":2},"end":{"line":29,"column":49}},"8":{"start":{"line":30,"column":2},"end":{"line":30,"column":60}},"9":{"start":{"line":32,"column":2},"end":{"line":34,"column":3}},"10":{"start":{"line":33,"column":4},"end":{"line":33,"column":46}},"11":{"start":{"line":36,"column":2},"end":{"line":88,"column":3}},"12":{"start":{"line":38,"column":21},"end":{"line":53,"column":5}},"13":{"start":{"line":55,"column":4},"end":{"line":55,"column":38}},"14":{"start":{"line":57,"column":17},"end":{"line":57,"column":30}},"15":{"start":{"line":60,"column":4},"end":{"line":60,"column":71}},"16":{"start":{"line":62,"column":23},"end":{"line":62,"column":39}},"17":{"start":{"line":64,"column":4},"end":{"line":66,"column":5}},"18":{"start":{"line":65,"column":6},"end":{"line":65,"column":60}},"19":{"start":{"line":68,"column":18},"end":{"line":68,"column":47}},"20":{"start":{"line":70,"column":4},"end":{"line":72,"column":5}},"21":{"start":{"line":71,"column":6},"end":{"line":71,"column":49}},"22":{"start":{"line":74,"column":17},"end":{"line":74,"column":31}},"23":{"start":{"line":76,"column":4},"end":{"line":78,"column":5}},"24":{"start":{"line":77,"column":6},"end":{"line":77,"column":54}},"25":{"start":{"line":80,"column":4},"end":{"line":80,"column":16}},"26":{"start":{"line":84,"column":4},"end":{"line":84,"column":41}},"27":{"start":{"line":85,"column":4},"end":{"line":85,"column":53}},"28":{"start":{"line":87,"column":4},"end":{"line":87,"column":14}},"29":{"start":{"line":96,"column":2},"end":{"line":96,"column":41}},"30":{"start":{"line":98,"column":23},"end":{"line":98,"column":41}},"31":{"start":{"line":100,"column":17},"end":{"line":108,"column":21}},"32":{"start":{"line":103,"column":24},"end":{"line":103,"column":30}},"33":{"start":{"line":110,"column":2},"end":{"line":110,"column":58}},"34":{"start":{"line":112,"column":2},"end":{"line":129,"column":3}},"35":{"start":{"line":114,"column":19},"end":{"line":114,"column":63}},"36":{"start":{"line":116,"column":4},"end":{"line":118,"column":5}},"37":{"start":{"line":117,"column":6},"end":{"line":117,"column":43}},"38":{"start":{"line":120,"column":4},"end":{"line":120,"column":39}},"39":{"start":{"line":122,"column":4},"end":{"line":122,"column":18}},"40":{"start":{"line":126,"column":4},"end":{"line":126,"column":64}},"41":{"start":{"line":128,"column":4},"end":{"line":128,"column":14}},"42":{"start":{"line":137,"column":2},"end":{"line":137,"column":50}},"43":{"start":{"line":139,"column":2},"end":{"line":141,"column":3}},"44":{"start":{"line":140,"column":4},"end":{"line":140,"column":45}},"45":{"start":{"line":143,"column":24},"end":{"line":143,"column":47}},"46":{"start":{"line":145,"column":17},"end":{"line":155,"column":26}},"47":{"start":{"line":157,"column":2},"end":{"line":174,"column":3}},"48":{"start":{"line":159,"column":19},"end":{"line":159,"column":63}},"49":{"start":{"line":161,"column":4},"end":{"line":163,"column":5}},"50":{"start":{"line":162,"column":6},"end":{"line":162,"column":43}},"51":{"start":{"line":165,"column":4},"end":{"line":165,"column":43}},"52":{"start":{"line":167,"column":4},"end":{"line":167,"column":18}},"53":{"start":{"line":171,"column":4},"end":{"line":171,"column":68}},"54":{"start":{"line":173,"column":4},"end":{"line":173,"column":37}},"55":{"start":{"line":177,"column":0},"end":{"line":180,"column":2}}},"fnMap":{"0":{"name":"withTimeout","decl":{"start":{"line":11,"column":9},"end":{"line":11,"column":20}},"loc":{"start":{"line":11,"column":34},"end":{"line":22,"column":1}},"line":11},"1":{"name":"(anonymous_1)","decl":{"start":{"line":16,"column":16},"end":{"line":16,"column":17}},"loc":{"start":{"line":16,"column":31},"end":{"line":20,"column":5}},"line":16},"2":{"name":"(anonymous_2)","decl":{"start":{"line":17,"column":25},"end":{"line":17,"column":26}},"loc":{"start":{"line":17,"column":31},"end":{"line":19,"column":7}},"line":17},"3":{"name":"(anonymous_3)","decl":{"start":{"line":21,"column":13},"end":{"line":21,"column":14}},"loc":{"start":{"line":21,"column":19},"end":{"line":21,"column":38}},"line":21},"4":{"name":"callGemini","decl":{"start":{"line":27,"column":15},"end":{"line":27,"column":25}},"loc":{"start":{"line":27,"column":34},"end":{"line":89,"column":1}},"line":27},"5":{"name":"summarizeRepo","decl":{"start":{"line":94,"column":15},"end":{"line":94,"column":28}},"loc":{"start":{"line":94,"column":46},"end":{"line":130,"column":1}},"line":94},"6":{"name":"(anonymous_6)","decl":{"start":{"line":103,"column":19},"end":{"line":103,"column":20}},"loc":{"start":{"line":103,"column":24},"end":{"line":103,"column":30}},"line":103},"7":{"name":"explainCode","decl":{"start":{"line":135,"column":15},"end":{"line":135,"column":26}},"loc":{"start":{"line":135,"column":43},"end":{"line":175,"column":1}},"line":135}},"branchMap":{"0":{"loc":{"start":{"line":30,"column":29},"end":{"line":30,"column":58}},"type":"cond-expr","locations":[{"start":{"line":30,"column":39},"end":{"line":30,"column":46}},{"start":{"line":30,"column":49},"end":{"line":30,"column":58}}],"line":30},"1":{"loc":{"start":{"line":32,"column":2},"end":{"line":34,"column":3}},"type":"if","locations":[{"start":{"line":32,"column":2},"end":{"line":34,"column":3}},{"start":{},"end":{}}],"line":32},"2":{"loc":{"start":{"line":64,"column":4},"end":{"line":66,"column":5}},"type":"if","locations":[{"start":{"line":64,"column":4},"end":{"line":66,"column":5}},{"start":{},"end":{}}],"line":64},"3":{"loc":{"start":{"line":64,"column":8},"end":{"line":64,"column":46}},"type":"binary-expr","locations":[{"start":{"line":64,"column":8},"end":{"line":64,"column":19}},{"start":{"line":64,"column":23},"end":{"line":64,"column":46}}],"line":64},"4":{"loc":{"start":{"line":70,"column":4},"end":{"line":72,"column":5}},"type":"if","locations":[{"start":{"line":70,"column":4},"end":{"line":72,"column":5}},{"start":{},"end":{}}],"line":70},"5":{"loc":{"start":{"line":70,"column":8},"end":{"line":70,"column":36}},"type":"binary-expr","locations":[{"start":{"line":70,"column":8},"end":{"line":70,"column":14}},{"start":{"line":70,"column":18},"end":{"line":70,"column":36}}],"line":70},"6":{"loc":{"start":{"line":76,"column":4},"end":{"line":78,"column":5}},"type":"if","locations":[{"start":{"line":76,"column":4},"end":{"line":78,"column":5}},{"start":{},"end":{}}],"line":76},"7":{"loc":{"start":{"line":85,"column":18},"end":{"line":85,"column":51}},"type":"binary-expr","locations":[{"start":{"line":85,"column":18},"end":{"line":85,"column":36}},{"start":{"line":85,"column":40},"end":{"line":85,"column":51}}],"line":85},"8":{"loc":{"start":{"line":116,"column":4},"end":{"line":118,"column":5}},"type":"if","locations":[{"start":{"line":116,"column":4},"end":{"line":118,"column":5}},{"start":{},"end":{}}],"line":116},"9":{"loc":{"start":{"line":139,"column":2},"end":{"line":141,"column":3}},"type":"if","locations":[{"start":{"line":139,"column":2},"end":{"line":141,"column":3}},{"start":{},"end":{}}],"line":139},"10":{"loc":{"start":{"line":139,"column":6},"end":{"line":139,"column":39}},"type":"binary-expr","locations":[{"start":{"line":139,"column":6},"end":{"line":139,"column":11}},{"start":{"line":139,"column":15},"end":{"line":139,"column":39}}],"line":139},"11":{"loc":{"start":{"line":161,"column":4},"end":{"line":163,"column":5}},"type":"if","locations":[{"start":{"line":161,"column":4},"end":{"line":163,"column":5}},{"start":{},"end":{}}],"line":161}},"s":{"0":19,"1":19,"2":19,"3":15,"4":15,"5":0,"6":15,"7":15,"8":15,"9":15,"10":1,"11":14,"12":14,"13":11,"14":11,"15":11,"16":11,"17":11,"18":1,"19":10,"20":10,"21":1,"22":9,"23":9,"24":3,"25":6,"26":8,"27":8,"28":8,"29":10,"30":10,"31":10,"32":18,"33":10,"34":10,"35":10,"36":3,"37":0,"38":3,"39":3,"40":7,"41":7,"42":7,"43":7,"44":2,"45":5,"46":5,"47":5,"48":5,"49":3,"50":0,"51":3,"52":3,"53":2,"54":2,"55":19},"f":{"0":15,"1":15,"2":0,"3":15,"4":15,"5":10,"6":18,"7":7},"b":{"0":[14,1],"1":[1,14],"2":[1,10],"3":[11,11],"4":[1,9],"5":[10,10],"6":[3,6],"7":[8,8],"8":[0,3],"9":[2,5],"10":[7,6],"11":[0,3]},"_coverageSchema":"1a1c01bbd47fc00a2c39e90264f33305004495a9","hash":"f0b0d61016c522ae9913b1b37584c6ab9822fa7c"}
,"D:\\Major Project\\repo-explorer-backend\\modules\\repo\\architecture.service.js": {"path":"D:\\Major Project\\repo-explorer-backend\\modules\\repo\\architecture.service.js","statementMap":{"0":{"start":{"line":3,"column":23},"end":{"line":10,"column":3}},"1":{"start":{"line":14,"column":4},"end":{"line":137,"column":5}},"2":{"start":{"line":16,"column":23},"end":{"line":18,"column":13}},"3":{"start":{"line":20,"column":6},"end":{"line":135,"column":7}},"4":{"start":{"line":22,"column":22},"end":{"line":22,"column":44}},"5":{"start":{"line":30,"column":8},"end":{"line":41,"column":9}},"6":{"start":{"line":38,"column":10},"end":{"line":38,"column":44}},"7":{"start":{"line":39,"column":10},"end":{"line":39,"column":19}},"8":{"start":{"line":49,"column":8},"end":{"line":58,"column":9}},"9":{"start":{"line":56,"column":10},"end":{"line":56,"column":50}},"10":{"start":{"line":66,"column":8},"end":{"line":76,"column":9}},"11":{"start":{"line":74,"column":10},"end":{"line":74,"column":43}},"12":{"start":{"line":84,"column":8},"end":{"line":88,"column":9}},"13":{"start":{"line":86,"column":10},"end":{"line":86,"column":47}},"14":{"start":{"line":96,"column":8},"end":{"line":104,"column":9}},"15":{"start":{"line":102,"column":10},"end":{"line":102,"column":46}},"16":{"start":{"line":112,"column":8},"end":{"line":127,"column":9}},"17":{"start":{"line":125,"column":10},"end":{"line":125,"column":46}},"18":{"start":{"line":133,"column":8},"end":{"line":133,"column":34}},"19":{"start":{"line":141,"column":2},"end":{"line":141,"column":13}},"20":{"start":{"line":143,"column":2},"end":{"line":143,"column":22}},"21":{"start":{"line":147,"column":0},"end":{"line":147,"column":40}}},"fnMap":{"0":{"name":"detectArchitecture","decl":{"start":{"line":1,"column":9},"end":{"line":1,"column":27}},"loc":{"start":{"line":1,"column":34},"end":{"line":145,"column":1}},"line":1},"1":{"name":"walk","decl":{"start":{"line":12,"column":11},"end":{"line":12,"column":15}},"loc":{"start":{"line":12,"column":40},"end":{"line":139,"column":3}},"line":12}},"branchMap":{"0":{"loc":{"start":{"line":12,"column":22},"end":{"line":12,"column":38}},"type":"default-arg","locations":[{"start":{"line":12,"column":36},"end":{"line":12,"column":38}}],"line":12},"1":{"loc":{"start":{"line":16,"column":23},"end":{"line":18,"column":13}},"type":"cond-expr","locations":[{"start":{"line":17,"column":10},"end":{"line":17,"column":33}},{"start":{"line":18,"column":10},"end":{"line":18,"column":13}}],"line":16},"2":{"loc":{"start":{"line":20,"column":6},"end":{"line":135,"column":7}},"type":"if","locations":[{"start":{"line":20,"column":6},"end":{"line":135,"column":7}},{"start":{"line":131,"column":11},"end":{"line":135,"column":7}}],"line":20},"3":{"loc":{"start":{"line":30,"column":8},"end":{"line":41,"column":9}},"type":"if","locations":[{"start":{"line":30,"column":8},"end":{"line":41,"column":9}},{"start":{},"end":{}}],"line":30},"4":{"loc":{"start":{"line":31,"column":10},"end":{"line":35,"column":34}},"type":"binary-expr","locations":[{"start":{"line":31,"column":10},"end":{"line":31,"column":34}},{"start":{"line":32,"column":10},"end":{"line":32,"column":35}},{"start":{"line":33,"column":10},"end":{"line":33,"column":34}},{"start":{"line":34,"column":10},"end":{"line":34,"column":34}},{"start":{"line":35,"column":10},"end":{"line":35,"column":34}}],"line":31},"5":{"loc":{"start":{"line":49,"column":8},"end":{"line":58,"column":9}},"type":"if","locations":[{"start":{"line":49,"column":8},"end":{"line":58,"column":9}},{"start":{},"end":{}}],"line":49},"6":{"loc":{"start":{"line":50,"column":10},"end":{"line":53,"column":29}},"type":"binary-expr","locations":[{"start":{"line":50,"column":10},"end":{"line":50,"column":28}},{"start":{"line":51,"column":10},"end":{"line":51,"column":27}},{"start":{"line":52,"column":10},"end":{"line":52,"column":26}},{"start":{"line":53,"column":10},"end":{"line":53,"column":29}}],"line":50},"7":{"loc":{"start":{"line":66,"column":8},"end":{"line":76,"column":9}},"type":"if","locations":[{"start":{"line":66,"column":8},"end":{"line":76,"column":9}},{"start":{},"end":{}}],"line":66},"8":{"loc":{"start":{"line":67,"column":10},"end":{"line":71,"column":33}},"type":"binary-expr","locations":[{"start":{"line":67,"column":10},"end":{"line":67,"column":34}},{"start":{"line":68,"column":10},"end":{"line":68,"column":33}},{"start":{"line":69,"column":10},"end":{"line":69,"column":38}},{"start":{"line":70,"column":10},"end":{"line":70,"column":41}},{"start":{"line":71,"column":10},"end":{"line":71,"column":33}}],"line":67},"9":{"loc":{"start":{"line":84,"column":8},"end":{"line":88,"column":9}},"type":"if","locations":[{"start":{"line":84,"column":8},"end":{"line":88,"column":9}},{"start":{},"end":{}}],"line":84},"10":{"loc":{"start":{"line":96,"column":8},"end":{"line":104,"column":9}},"type":"if","locations":[{"start":{"line":96,"column":8},"end":{"line":104,"column":9}},{"start":{},"end":{}}],"line":96},"11":{"loc":{"start":{"line":97,"column":10},"end":{"line":99,"column":32}},"type":"binary-expr","locations":[{"start":{"line":97,"column":10},"end":{"line":97,"column":34}},{"start":{"line":98,"column":10},"end":{"line":98,"column":33}},{"start":{"line":99,"column":10},"end":{"line":99,"column":32}}],"line":97},"12":{"loc":{"start":{"line":112,"column":8},"end":{"line":127,"column":9}},"type":"if","locations":[{"start":{"line":112,"column":8},"end":{"line":127,"column":9}},{"start":{},"end":{}}],"line":112},"13":{"loc":{"start":{"line":113,"column":10},"end":{"line":122,"column":31}},"type":"binary-expr","locations":[{"start":{"line":113,"column":10},"end":{"line":113,"column":36}},{"start":{"line":114,"column":10},"end":{"line":114,"column":37}},{"start":{"line":115,"column":10},"end":{"line":115,"column":36}},{"start":{"line":116,"column":10},"end":{"line":116,"column":32}},{"start":{"line":117,"column":10},"end":{"line":117,"column":33}},{"start":{"line":118,"column":10},"end":{"line":118,"column":37}},{"start":{"line":119,"column":10},"end":{"line":119,"column":36}},{"start":{"line":120,"column":10},"end":{"line":120,"column":34}},{"start":{"line":121,"column":10},"end":{"line":121,"column":29}},{"start":{"line":122,"column":10},"end":{"line":122,"column":31}}],"line":113}},"s":{"0":1,"1":1,"2":0,"3":0,"4":0,"5":0,"6":0,"7":0,"8":0,"9":0,"10":0,"11":0,"12":0,"13":0,"14":0,"15":0,"16":0,"17":0,"18":0,"19":1,"20":1,"21":2},"f":{"0":1,"1":1},"b":{"0":[1],"1":[0,0],"2":[0,0],"3":[0,0],"4":[0,0,0,0,0],"5":[0,0],"6":[0,0,0,0],"7":[0,0],"8":[0,0,0,0,0],"9":[0,0],"10":[0,0],"11":[0,0,0],"12":[0,0],"13":[0,0,0,0,0,0,0,0,0,0]},"_coverageSchema":"1a1c01bbd47fc00a2c39e90264f33305004495a9","hash":"4475d9f6a13197a46a4fbab68e86fde279301164"}
,"D:\\Major Project\\repo-explorer-backend\\modules\\repo\\repo.controller.js": {"path":"D:\\Major Project\\repo-explorer-backend\\modules\\repo\\repo.controller.js","statementMap":{"0":{"start":{"line":1,"column":20},"end":{"line":1,"column":45}},"1":{"start":{"line":2,"column":26},"end":{"line":2,"column":58}},"2":{"start":{"line":3,"column":30},"end":{"line":3,"column":67}},"3":{"start":{"line":4,"column":18},"end":{"line":4,"column":57}},"4":{"start":{"line":9,"column":0},"end":{"line":19,"column":2}},"5":{"start":{"line":10,"column":2},"end":{"line":18,"column":3}},"6":{"start":{"line":11,"column":24},"end":{"line":11,"column":32}},"7":{"start":{"line":13,"column":17},"end":{"line":13,"column":53}},"8":{"start":{"line":15,"column":4},"end":{"line":15,"column":19}},"9":{"start":{"line":17,"column":4},"end":{"line":17,"column":49}},"10":{"start":{"line":24,"column":0},"end":{"line":62,"column":2}},"11":{"start":{"line":25,"column":2},"end":{"line":61,"column":3}},"12":{"start":{"line":26,"column":34},"end":{"line":26,"column":43}},"13":{"start":{"line":28,"column":4},"end":{"line":32,"column":5}},"14":{"start":{"line":29,"column":6},"end":{"line":31,"column":9}},"15":{"start":{"line":34,"column":22},"end":{"line":34,"column":71}},"16":{"start":{"line":36,"column":20},"end":{"line":41,"column":5}},"17":{"start":{"line":43,"column":19},"end":{"line":48,"column":5}},"18":{"start":{"line":50,"column":4},"end":{"line":57,"column":7}},"19":{"start":{"line":60,"column":4},"end":{"line":60,"column":49}},"20":{"start":{"line":67,"column":0},"end":{"line":87,"column":2}},"21":{"start":{"line":68,"column":2},"end":{"line":86,"column":3}},"22":{"start":{"line":69,"column":21},"end":{"line":69,"column":30}},"23":{"start":{"line":71,"column":4},"end":{"line":75,"column":5}},"24":{"start":{"line":72,"column":6},"end":{"line":74,"column":9}},"25":{"start":{"line":77,"column":18},"end":{"line":77,"column":61}},"26":{"start":{"line":79,"column":4},"end":{"line":82,"column":7}},"27":{"start":{"line":85,"column":4},"end":{"line":85,"column":49}},"28":{"start":{"line":92,"column":0},"end":{"line":119,"column":2}},"29":{"start":{"line":93,"column":2},"end":{"line":118,"column":3}},"30":{"start":{"line":94,"column":33},"end":{"line":94,"column":42}},"31":{"start":{"line":96,"column":22},"end":{"line":96,"column":62}},"32":{"start":{"line":98,"column":4},"end":{"line":102,"column":5}},"33":{"start":{"line":99,"column":6},"end":{"line":101,"column":9}},"34":{"start":{"line":104,"column":21},"end":{"line":108,"column":5}},"35":{"start":{"line":110,"column":4},"end":{"line":114,"column":7}},"36":{"start":{"line":117,"column":4},"end":{"line":117,"column":49}},"37":{"start":{"line":124,"column":0},"end":{"line":151,"column":2}},"38":{"start":{"line":125,"column":2},"end":{"line":150,"column":3}},"39":{"start":{"line":126,"column":23},"end":{"line":126,"column":32}},"40":{"start":{"line":128,"column":4},"end":{"line":132,"column":5}},"41":{"start":{"line":129,"column":6},"end":{"line":131,"column":9}},"42":{"start":{"line":134,"column":19},"end":{"line":134,"column":45}},"43":{"start":{"line":136,"column":4},"end":{"line":140,"column":5}},"44":{"start":{"line":137,"column":6},"end":{"line":139,"column":9}},"45":{"start":{"line":142,"column":4},"end":{"line":146,"column":7}},"46":{"start":{"line":149,"column":4},"end":{"line":149,"column":49}}},"fnMap":{"0":{"name":"(anonymous_0)","decl":{"start":{"line":9,"column":19},"end":{"line":9,"column":20}},"loc":{"start":{"line":9,"column":39},"end":{"line":19,"column":1}},"line":9},"1":{"name":"(anonymous_1)","decl":{"start":{"line":24,"column":18},"end":{"line":24,"column":19}},"loc":{"start":{"line":24,"column":38},"end":{"line":62,"column":1}},"line":24},"2":{"name":"(anonymous_2)","decl":{"start":{"line":67,"column":23},"end":{"line":67,"column":24}},"loc":{"start":{"line":67,"column":37},"end":{"line":87,"column":1}},"line":67},"3":{"name":"(anonymous_3)","decl":{"start":{"line":92,"column":24},"end":{"line":92,"column":25}},"loc":{"start":{"line":92,"column":44},"end":{"line":119,"column":1}},"line":92},"4":{"name":"(anonymous_4)","decl":{"start":{"line":124,"column":24},"end":{"line":124,"column":25}},"loc":{"start":{"line":124,"column":38},"end":{"line":151,"column":1}},"line":124}},"branchMap":{"0":{"loc":{"start":{"line":28,"column":4},"end":{"line":32,"column":5}},"type":"if","locations":[{"start":{"line":28,"column":4},"end":{"line":32,"column":5}},{"start":{},"end":{}}],"line":28},"1":{"loc":{"start":{"line":28,"column":8},"end":{"line":28,"column":32}},"type":"binary-expr","locations":[{"start":{"line":28,"column":8},"end":{"line":28,"column":14}},{"start":{"line":28,"column":18},"end":{"line":28,"column":23}},{"start":{"line":28,"column":27},"end":{"line":28,"column":32}}],"line":28},"2":{"loc":{"start":{"line":71,"column":4},"end":{"line":75,"column":5}},"type":"if","locations":[{"start":{"line":71,"column":4},"end":{"line":75,"column":5}},{"start":{},"end":{}}],"line":71},"3":{"loc":{"start":{"line":98,"column":4},"end":{"line":102,"column":5}},"type":"if","locations":[{"start":{"line":98,"column":4},"end":{"line":102,"column":5}},{"start":{},"end":{}}],"line":98},"4":{"loc":{"start":{"line":128,"column":4},"end":{"line":132,"column":5}},"type":"if","locations":[{"start":{"line":128,"column":4},"end":{"line":132,"column":5}},{"start":{},"end":{}}],"line":128},"5":{"loc":{"start":{"line":136,"column":4},"end":{"line":140,"column":5}},"type":"if","locations":[{"start":{"line":136,"column":4},"end":{"line":140,"column":5}},{"start":{},"end":{}}],"line":136}},"s":{"0":3,"1":3,"2":3,"3":3,"4":3,"5":3,"6":3,"7":3,"8":2,"9":1,"10":3,"11":3,"12":3,"13":3,"14":1,"15":2,"16":2,"17":2,"18":2,"19":0,"20":3,"21":0,"22":0,"23":0,"24":0,"25":0,"26":0,"27":0,"28":3,"29":0,"30":0,"31":0,"32":0,"33":0,"34":0,"35":0,"36":0,"37":3,"38":0,"39":0,"40":0,"41":0,"42":0,"43":0,"44":0,"45":0,"46":0},"f":{"0":3,"1":3,"2":0,"3":0,"4":0},"b":{"0":[1,2],"1":[3,2,2],"2":[0,0],"3":[0,0],"4":[0,0],"5":[0,0]},"_coverageSchema":"1a1c01bbd47fc00a2c39e90264f33305004495a9","hash":"491d5c603deaf4152220a7bb0ae2ed4bdc400819"}
,"D:\\Major Project\\repo-explorer-backend\\modules\\repo\\repo.routes.js": {"path":"D:\\Major Project\\repo-explorer-backend\\modules\\repo\\repo.routes.js","statementMap":{"0":{"start":{"line":1,"column":16},"end":{"line":1,"column":34}},"1":{"start":{"line":2,"column":15},"end":{"line":2,"column":31}},"2":{"start":{"line":4,"column":23},"end":{"line":4,"column":51}},"3":{"start":{"line":5,"column":17},"end":{"line":5,"column":54}},"4":{"start":{"line":7,"column":22},"end":{"line":7,"column":62}},"5":{"start":{"line":15,"column":4},"end":{"line":15,"column":46}},"6":{"start":{"line":20,"column":0},"end":{"line":24,"column":2}},"7":{"start":{"line":29,"column":0},"end":{"line":34,"column":2}},"8":{"start":{"line":39,"column":0},"end":{"line":43,"column":2}},"9":{"start":{"line":48,"column":0},"end":{"line":52,"column":2}},"10":{"start":{"line":57,"column":0},"end":{"line":61,"column":2}},"11":{"start":{"line":63,"column":0},"end":{"line":63,"column":24}}},"fnMap":{},"branchMap":{},"s":{"0":2,"1":2,"2":2,"3":2,"4":2,"5":2,"6":2,"7":2,"8":2,"9":2,"10":2,"11":2},"f":{},"b":{},"_coverageSchema":"1a1c01bbd47fc00a2c39e90264f33305004495a9","hash":"49d29b339770fdd4af90397e4fb13814470fcc04"}
,"D:\\Major Project\\repo-explorer-backend\\modules\\repo\\repo.service.js": {"path":"D:\\Major Project\\repo-explorer-backend\\modules\\repo\\repo.service.js","statementMap":{"0":{"start":{"line":1,"column":22},"end":{"line":1,"column":62}},"1":{"start":{"line":2,"column":18},"end":{"line":2,"column":51}},"2":{"start":{"line":3,"column":24},"end":{"line":3,"column":57}},"3":{"start":{"line":4,"column":20},"end":{"line":4,"column":55}},"4":{"start":{"line":5,"column":14},"end":{"line":5,"column":48}},"5":{"start":{"line":6,"column":18},"end":{"line":6,"column":45}},"6":{"start":{"line":7,"column":28},"end":{"line":7,"column":61}},"7":{"start":{"line":9,"column":18},"end":{"line":9,"column":57}},"8":{"start":{"line":10,"column":18},"end":{"line":10,"column":57}},"9":{"start":{"line":12,"column":28},"end":{"line":12,"column":66}},"10":{"start":{"line":14,"column":0},"end":{"line":14,"column":54}},"11":{"start":{"line":21,"column":21},"end":{"line":24,"column":23}},"12":{"start":{"line":26,"column":16},"end":{"line":26,"column":37}},"13":{"start":{"line":28,"column":2},"end":{"line":30,"column":3}},"14":{"start":{"line":29,"column":4},"end":{"line":29,"column":53}},"15":{"start":{"line":32,"column":16},"end":{"line":32,"column":24}},"16":{"start":{"line":33,"column":15},"end":{"line":33,"column":23}},"17":{"start":{"line":35,"column":20},"end":{"line":35,"column":57}},"18":{"start":{"line":37,"column":21},"end":{"line":37,"column":61}},"19":{"start":{"line":40,"column":2},"end":{"line":58,"column":3}},"20":{"start":{"line":46,"column":4},"end":{"line":46,"column":45}},"21":{"start":{"line":48,"column":4},"end":{"line":57,"column":6}},"22":{"start":{"line":60,"column":2},"end":{"line":60,"column":38}},"23":{"start":{"line":62,"column":15},"end":{"line":62,"column":59}},"24":{"start":{"line":64,"column":23},"end":{"line":64,"column":44}},"25":{"start":{"line":65,"column":21},"end":{"line":65,"column":44}},"26":{"start":{"line":67,"column":25},"end":{"line":67,"column":48}},"27":{"start":{"line":68,"column":23},"end":{"line":68,"column":73}},"28":{"start":{"line":70,"column":16},"end":{"line":70,"column":37}},"29":{"start":{"line":72,"column":2},"end":{"line":72,"column":48}},"30":{"start":{"line":74,"column":2},"end":{"line":85,"column":3}},"31":{"start":{"line":75,"column":22},"end":{"line":75,"column":73}},"32":{"start":{"line":77,"column":4},"end":{"line":77,"column":42}},"33":{"start":{"line":79,"column":4},"end":{"line":81,"column":5}},"34":{"start":{"line":80,"column":6},"end":{"line":80,"column":26}},"35":{"start":{"line":84,"column":4},"end":{"line":84,"column":45}},"36":{"start":{"line":87,"column":2},"end":{"line":99,"column":4}},"37":{"start":{"line":101,"column":2},"end":{"line":110,"column":4}},"38":{"start":{"line":118,"column":2},"end":{"line":130,"column":3}},"39":{"start":{"line":120,"column":6},"end":{"line":120,"column":79}},"40":{"start":{"line":122,"column":4},"end":{"line":122,"column":38}},"41":{"start":{"line":124,"column":21},"end":{"line":124,"column":45}},"42":{"start":{"line":126,"column":4},"end":{"line":126,"column":25}},"43":{"start":{"line":129,"column":4},"end":{"line":129,"column":47}},"44":{"start":{"line":138,"column":19},"end":{"line":140,"column":3}},"45":{"start":{"line":142,"column":17},"end":{"line":142,"column":45}},"46":{"start":{"line":144,"column":17},"end":{"line":146,"column":3}},"47":{"start":{"line":148,"column":2},"end":{"line":148,"column":25}},"48":{"start":{"line":156,"column":2},"end":{"line":156,"column":21}},"49":{"start":{"line":159,"column":17},"end":{"line":164,"column":4}},"50":{"start":{"line":166,"column":2},"end":{"line":171,"column":3}},"51":{"start":{"line":167,"column":4},"end":{"line":170,"column":6}},"52":{"start":{"line":174,"column":15},"end":{"line":174,"column":60}},"53":{"start":{"line":176,"column":2},"end":{"line":178,"column":3}},"54":{"start":{"line":177,"column":4},"end":{"line":177,"column":44}},"55":{"start":{"line":181,"column":18},"end":{"line":181,"column":58}},"56":{"start":{"line":183,"column":2},"end":{"line":196,"column":3}},"57":{"start":{"line":185,"column":4},"end":{"line":185,"column":53}},"58":{"start":{"line":187,"column":20},"end":{"line":187,"column":57}},"59":{"start":{"line":189,"column":4},"end":{"line":189,"column":29}},"60":{"start":{"line":191,"column":4},"end":{"line":191,"column":57}},"61":{"start":{"line":193,"column":4},"end":{"line":195,"column":5}},"62":{"start":{"line":194,"column":6},"end":{"line":194,"column":51}},"63":{"start":{"line":199,"column":2},"end":{"line":204,"column":4}},"64":{"start":{"line":207,"column":20},"end":{"line":207,"column":45}},"65":{"start":{"line":209,"column":2},"end":{"line":218,"column":3}},"66":{"start":{"line":210,"column":26},"end":{"line":210,"column":65}},"67":{"start":{"line":212,"column":4},"end":{"line":214,"column":5}},"68":{"start":{"line":213,"column":6},"end":{"line":213,"column":34}},"69":{"start":{"line":217,"column":4},"end":{"line":217,"column":41}},"70":{"start":{"line":221,"column":2},"end":{"line":225,"column":4}},"71":{"start":{"line":227,"column":2},"end":{"line":230,"column":4}},"72":{"start":{"line":233,"column":0},"end":{"line":238,"column":2}}},"fnMap":{"0":{"name":"fetchRepo","decl":{"start":{"line":19,"column":15},"end":{"line":19,"column":24}},"loc":{"start":{"line":19,"column":34},"end":{"line":111,"column":1}},"line":19},"1":{"name":"fetchFile","decl":{"start":{"line":116,"column":15},"end":{"line":116,"column":24}},"loc":{"start":{"line":116,"column":55},"end":{"line":131,"column":1}},"line":116},"2":{"name":"getLatestCommitSha","decl":{"start":{"line":136,"column":15},"end":{"line":136,"column":33}},"loc":{"start":{"line":136,"column":47},"end":{"line":149,"column":1}},"line":136},"3":{"name":"explainFile","decl":{"start":{"line":154,"column":15},"end":{"line":154,"column":26}},"loc":{"start":{"line":154,"column":57},"end":{"line":231,"column":1}},"line":154}},"branchMap":{"0":{"loc":{"start":{"line":14,"column":25},"end":{"line":14,"column":53}},"type":"binary-expr","locations":[{"start":{"line":14,"column":25},"end":{"line":14,"column":47}},{"start":{"line":14,"column":51},"end":{"line":14,"column":53}}],"line":14},"1":{"loc":{"start":{"line":28,"column":2},"end":{"line":30,"column":3}},"type":"if","locations":[{"start":{"line":28,"column":2},"end":{"line":30,"column":3}},{"start":{},"end":{}}],"line":28},"2":{"loc":{"start":{"line":40,"column":2},"end":{"line":58,"column":3}},"type":"if","locations":[{"start":{"line":40,"column":2},"end":{"line":58,"column":3}},{"start":{},"end":{}}],"line":40},"3":{"loc":{"start":{"line":41,"column":4},"end":{"line":44,"column":48}},"type":"binary-expr","locations":[{"start":{"line":41,"column":4},"end":{"line":41,"column":14}},{"start":{"line":42,"column":4},"end":{"line":42,"column":38}},{"start":{"line":43,"column":4},"end":{"line":43,"column":22}},{"start":{"line":44,"column":4},"end":{"line":44,"column":48}}],"line":41},"4":{"loc":{"start":{"line":79,"column":4},"end":{"line":81,"column":5}},"type":"if","locations":[{"start":{"line":79,"column":4},"end":{"line":81,"column":5}},{"start":{},"end":{}}],"line":79},"5":{"loc":{"start":{"line":79,"column":8},"end":{"line":79,"column":50}},"type":"binary-expr","locations":[{"start":{"line":79,"column":8},"end":{"line":79,"column":17}},{"start":{"line":79,"column":21},"end":{"line":79,"column":50}}],"line":79},"6":{"loc":{"start":{"line":166,"column":2},"end":{"line":171,"column":3}},"type":"if","locations":[{"start":{"line":166,"column":2},"end":{"line":171,"column":3}},{"start":{},"end":{}}],"line":166},"7":{"loc":{"start":{"line":176,"column":2},"end":{"line":178,"column":3}},"type":"if","locations":[{"start":{"line":176,"column":2},"end":{"line":178,"column":3}},{"start":{},"end":{}}],"line":176},"8":{"loc":{"start":{"line":176,"column":6},"end":{"line":176,"column":39}},"type":"binary-expr","locations":[{"start":{"line":176,"column":6},"end":{"line":176,"column":11}},{"start":{"line":176,"column":15},"end":{"line":176,"column":39}}],"line":176},"9":{"loc":{"start":{"line":183,"column":2},"end":{"line":196,"column":3}},"type":"if","locations":[{"start":{"line":183,"column":2},"end":{"line":196,"column":3}},{"start":{},"end":{}}],"line":183},"10":{"loc":{"start":{"line":193,"column":4},"end":{"line":195,"column":5}},"type":"if","locations":[{"start":{"line":193,"column":4},"end":{"line":195,"column":5}},{"start":{},"end":{}}],"line":193},"11":{"loc":{"start":{"line":212,"column":4},"end":{"line":214,"column":5}},"type":"if","locations":[{"start":{"line":212,"column":4},"end":{"line":214,"column":5}},{"start":{},"end":{}}],"line":212},"12":{"loc":{"start":{"line":212,"column":8},"end":{"line":212,"column":58}},"type":"binary-expr","locations":[{"start":{"line":212,"column":8},"end":{"line":212,"column":21}},{"start":{"line":212,"column":25},"end":{"line":212,"column":58}}],"line":212}},"s":{"0":2,"1":2,"2":2,"3":2,"4":2,"5":2,"6":2,"7":2,"8":2,"9":2,"10":2,"11":2,"12":2,"13":2,"14":1,"15":1,"16":1,"17":1,"18":1,"19":1,"20":0,"21":0,"22":1,"23":1,"24":1,"25":1,"26":1,"27":1,"28":1,"29":1,"30":1,"31":1,"32":1,"33":1,"34":1,"35":0,"36":1,"37":1,"38":0,"39":0,"40":0,"41":0,"42":0,"43":0,"44":1,"45":1,"46":1,"47":1,"48":0,"49":0,"50":0,"51":0,"52":0,"53":0,"54":0,"55":0,"56":0,"57":0,"58":0,"59":0,"60":0,"61":0,"62":0,"63":0,"64":0,"65":0,"66":0,"67":0,"68":0,"69":0,"70":0,"71":0,"72":2},"f":{"0":2,"1":0,"2":1,"3":0},"b":{"0":[2,2],"1":[1,1],"2":[0,1],"3":[1,0,0,0],"4":[1,0],"5":[1,1],"6":[0,0],"7":[0,0],"8":[0,0],"9":[0,0],"10":[0,0],"11":[0,0],"12":[0,0]},"_coverageSchema":"1a1c01bbd47fc00a2c39e90264f33305004495a9","hash":"fb8f1d948918a6459d199854acf03995431a1080"}
,"D:\\Major Project\\repo-explorer-backend\\services\\github.service.js": {"path":"D:\\Major Project\\repo-explorer-backend\\services\\github.service.js","statementMap":{"0":{"start":{"line":1,"column":14},"end":{"line":1,"column":45}},"1":{"start":{"line":3,"column":0},"end":{"line":43,"column":2}},"2":{"start":{"line":5,"column":18},"end":{"line":8,"column":3}},"3":{"start":{"line":11,"column":2},"end":{"line":13,"column":3}},"4":{"start":{"line":12,"column":4},"end":{"line":12,"column":65}},"5":{"start":{"line":15,"column":2},"end":{"line":41,"column":3}},"6":{"start":{"line":18,"column":21},"end":{"line":21,"column":5}},"7":{"start":{"line":23,"column":19},"end":{"line":23,"column":47}},"8":{"start":{"line":26,"column":25},"end":{"line":29,"column":5}},"9":{"start":{"line":31,"column":4},"end":{"line":31,"column":34}},"10":{"start":{"line":35,"column":4},"end":{"line":37,"column":5}},"11":{"start":{"line":36,"column":6},"end":{"line":36,"column":46}},"12":{"start":{"line":39,"column":4},"end":{"line":39,"column":55}}},"fnMap":{"0":{"name":"(anonymous_0)","decl":{"start":{"line":3,"column":22},"end":{"line":3,"column":23}},"loc":{"start":{"line":3,"column":45},"end":{"line":43,"column":1}},"line":3}},"branchMap":{"0":{"loc":{"start":{"line":11,"column":2},"end":{"line":13,"column":3}},"type":"if","locations":[{"start":{"line":11,"column":2},"end":{"line":13,"column":3}},{"start":{},"end":{}}],"line":11},"1":{"loc":{"start":{"line":35,"column":4},"end":{"line":37,"column":5}},"type":"if","locations":[{"start":{"line":35,"column":4},"end":{"line":37,"column":5}},{"start":{},"end":{}}],"line":35},"2":{"loc":{"start":{"line":35,"column":8},"end":{"line":35,"column":51}},"type":"binary-expr","locations":[{"start":{"line":35,"column":8},"end":{"line":35,"column":20}},{"start":{"line":35,"column":24},"end":{"line":35,"column":51}}],"line":35}},"s":{"0":1,"1":1,"2":0,"3":0,"4":0,"5":0,"6":0,"7":0,"8":0,"9":0,"10":0,"11":0,"12":0},"f":{"0":0},"b":{"0":[0,0],"1":[0,0],"2":[0,0]},"_coverageSchema":"1a1c01bbd47fc00a2c39e90264f33305004495a9","hash":"77279813f0fa0fe306a33e82024238e9f1184217"}
,"D:\\Major Project\\repo-explorer-backend\\utils\\axiosClient.js": {"path":"D:\\Major Project\\repo-explorer-backend\\utils\\axiosClient.js","statementMap":{"0":{"start":{"line":1,"column":14},"end":{"line":1,"column":30}},"1":{"start":{"line":3,"column":20},"end":{"line":12,"column":2}},"2":{"start":{"line":17,"column":0},"end":{"line":26,"column":2}},"3":{"start":{"line":21,"column":4},"end":{"line":21,"column":71}},"4":{"start":{"line":23,"column":4},"end":{"line":23,"column":18}},"5":{"start":{"line":25,"column":13},"end":{"line":25,"column":34}},"6":{"start":{"line":31,"column":0},"end":{"line":49,"column":2}},"7":{"start":{"line":32,"column":16},"end":{"line":32,"column":24}},"8":{"start":{"line":36,"column":19},"end":{"line":36,"column":31}},"9":{"start":{"line":39,"column":4},"end":{"line":41,"column":5}},"10":{"start":{"line":40,"column":6},"end":{"line":40,"column":35}},"11":{"start":{"line":43,"column":4},"end":{"line":43,"column":26}},"12":{"start":{"line":45,"column":4},"end":{"line":45,"column":50}},"13":{"start":{"line":47,"column":4},"end":{"line":47,"column":31}},"14":{"start":{"line":51,"column":0},"end":{"line":51,"column":29}}},"fnMap":{"0":{"name":"(anonymous_0)","decl":{"start":{"line":18,"column":2},"end":{"line":18,"column":3}},"loc":{"start":{"line":18,"column":14},"end":{"line":24,"column":3}},"line":18},"1":{"name":"(anonymous_1)","decl":{"start":{"line":25,"column":2},"end":{"line":25,"column":3}},"loc":{"start":{"line":25,"column":13},"end":{"line":25,"column":34}},"line":25},"2":{"name":"(anonymous_2)","decl":{"start":{"line":32,"column":2},"end":{"line":32,"column":3}},"loc":{"start":{"line":32,"column":16},"end":{"line":32,"column":24}},"line":32},"3":{"name":"(anonymous_3)","decl":{"start":{"line":34,"column":2},"end":{"line":34,"column":3}},"loc":{"start":{"line":34,"column":19},"end":{"line":48,"column":3}},"line":34}},"branchMap":{"0":{"loc":{"start":{"line":8,"column":8},"end":{"line":10,"column":5}},"type":"binary-expr","locations":[{"start":{"line":8,"column":8},"end":{"line":8,"column":32}},{"start":{"line":8,"column":36},"end":{"line":10,"column":5}}],"line":8},"1":{"loc":{"start":{"line":39,"column":4},"end":{"line":41,"column":5}},"type":"if","locations":[{"start":{"line":39,"column":4},"end":{"line":41,"column":5}},{"start":{},"end":{}}],"line":39},"2":{"loc":{"start":{"line":39,"column":8},"end":{"line":39,"column":33}},"type":"binary-expr","locations":[{"start":{"line":39,"column":8},"end":{"line":39,"column":15}},{"start":{"line":39,"column":19},"end":{"line":39,"column":33}}],"line":39}},"s":{"0":2,"1":2,"2":2,"3":0,"4":0,"5":0,"6":2,"7":0,"8":0,"9":0,"10":0,"11":0,"12":0,"13":0,"14":2},"f":{"0":0,"1":0,"2":0,"3":0},"b":{"0":[2,0],"1":[0,0],"2":[0,0]},"_coverageSchema":"1a1c01bbd47fc00a2c39e90264f33305004495a9","hash":"e79decfbc46e8bfcdad9ac9c744544022defcccf"}
,"D:\\Major Project\\repo-explorer-backend\\utils\\dependencyGraph.js": {"path":"D:\\Major Project\\repo-explorer-backend\\utils\\dependencyGraph.js","statementMap":{"0":{"start":{"line":1,"column":27},"end":{"line":1,"column":52}},"1":{"start":{"line":2,"column":30},"end":{"line":2,"column":57}},"2":{"start":{"line":6,"column":16},"end":{"line":6,"column":18}},"3":{"start":{"line":10,"column":4},"end":{"line":26,"column":5}},"4":{"start":{"line":12,"column":23},"end":{"line":12,"column":52}},"5":{"start":{"line":14,"column":6},"end":{"line":25,"column":7}},"6":{"start":{"line":16,"column":8},"end":{"line":21,"column":9}},"7":{"start":{"line":20,"column":10},"end":{"line":20,"column":31}},"8":{"start":{"line":24,"column":8},"end":{"line":24,"column":34}},"9":{"start":{"line":29,"column":2},"end":{"line":29,"column":13}},"10":{"start":{"line":31,"column":2},"end":{"line":31,"column":15}},"11":{"start":{"line":36,"column":18},"end":{"line":36,"column":38}},"12":{"start":{"line":38,"column":19},"end":{"line":42,"column":20}},"13":{"start":{"line":40,"column":6},"end":{"line":40,"column":44}},"14":{"start":{"line":44,"column":2},"end":{"line":44,"column":29}},"15":{"start":{"line":47,"column":0},"end":{"line":50,"column":2}}},"fnMap":{"0":{"name":"buildDependencyGraph","decl":{"start":{"line":4,"column":9},"end":{"line":4,"column":29}},"loc":{"start":{"line":4,"column":36},"end":{"line":32,"column":1}},"line":4},"1":{"name":"walk","decl":{"start":{"line":8,"column":11},"end":{"line":8,"column":15}},"loc":{"start":{"line":8,"column":33},"end":{"line":27,"column":3}},"line":8},"2":{"name":"addDependencies","decl":{"start":{"line":34,"column":9},"end":{"line":34,"column":24}},"loc":{"start":{"line":34,"column":54},"end":{"line":45,"column":1}},"line":34},"3":{"name":"(anonymous_3)","decl":{"start":{"line":39,"column":9},"end":{"line":39,"column":10}},"loc":{"start":{"line":40,"column":6},"end":{"line":40,"column":44}},"line":40}},"branchMap":{"0":{"loc":{"start":{"line":8,"column":22},"end":{"line":8,"column":31}},"type":"default-arg","locations":[{"start":{"line":8,"column":29},"end":{"line":8,"column":31}}],"line":8},"1":{"loc":{"start":{"line":12,"column":23},"end":{"line":12,"column":52}},"type":"cond-expr","locations":[{"start":{"line":12,"column":30},"end":{"line":12,"column":46}},{"start":{"line":12,"column":49},"end":{"line":12,"column":52}}],"line":12},"2":{"loc":{"start":{"line":14,"column":6},"end":{"line":25,"column":7}},"type":"if","locations":[{"start":{"line":14,"column":6},"end":{"line":25,"column":7}},{"start":{"line":23,"column":13},"end":{"line":25,"column":7}}],"line":14},"3":{"loc":{"start":{"line":16,"column":8},"end":{"line":21,"column":9}},"type":"if","locations":[{"start":{"line":16,"column":8},"end":{"line":21,"column":9}},{"start":{},"end":{}}],"line":16},"4":{"loc":{"start":{"line":17,"column":10},"end":{"line":18,"column":34}},"type":"binary-expr","locations":[{"start":{"line":17,"column":10},"end":{"line":17,"column":34}},{"start":{"line":18,"column":10},"end":{"line":18,"column":34}}],"line":17}},"s":{"0":3,"1":3,"2":0,"3":0,"4":0,"5":0,"6":0,"7":0,"8":0,"9":0,"10":0,"11":1,"12":1,"13":2,"14":1,"15":3},"f":{"0":0,"1":0,"2":1,"3":2},"b":{"0":[0],"1":[0,0],"2":[0,0],"3":[0,0],"4":[0,0]},"_coverageSchema":"1a1c01bbd47fc00a2c39e90264f33305004495a9","hash":"3fe02ec702e3e47da612b6f9b66bf782f7ca944b"}
,"D:\\Major Project\\repo-explorer-backend\\utils\\findUsage.js": {"path":"D:\\Major Project\\repo-explorer-backend\\utils\\findUsage.js","statementMap":{"0":{"start":{"line":3,"column":17},"end":{"line":3,"column":19}},"1":{"start":{"line":5,"column":2},"end":{"line":13,"column":3}},"2":{"start":{"line":7,"column":17},"end":{"line":7,"column":28}},"3":{"start":{"line":9,"column":4},"end":{"line":11,"column":5}},"4":{"start":{"line":10,"column":6},"end":{"line":10,"column":24}},"5":{"start":{"line":15,"column":2},"end":{"line":15,"column":16}},"6":{"start":{"line":18,"column":0},"end":{"line":18,"column":35}}},"fnMap":{"0":{"name":"findFileUsage","decl":{"start":{"line":1,"column":9},"end":{"line":1,"column":22}},"loc":{"start":{"line":1,"column":42},"end":{"line":16,"column":1}},"line":1}},"branchMap":{"0":{"loc":{"start":{"line":9,"column":4},"end":{"line":11,"column":5}},"type":"if","locations":[{"start":{"line":9,"column":4},"end":{"line":11,"column":5}},{"start":{},"end":{}}],"line":9}},"s":{"0":1,"1":1,"2":2,"3":2,"4":1,"5":1,"6":4},"f":{"0":1},"b":{"0":[1,1]},"_coverageSchema":"1a1c01bbd47fc00a2c39e90264f33305004495a9","hash":"8ab05a529c7ddbd73dba10990ac274e1c1a5b860"}
,"D:\\Major Project\\repo-explorer-backend\\utils\\importParser.js": {"path":"D:\\Major Project\\repo-explorer-backend\\utils\\importParser.js","statementMap":{"0":{"start":{"line":3,"column":18},"end":{"line":3,"column":20}},"1":{"start":{"line":7,"column":4},"end":{"line":7,"column":42}},"2":{"start":{"line":11,"column":4},"end":{"line":11,"column":29}},"3":{"start":{"line":15,"column":4},"end":{"line":15,"column":31}},"4":{"start":{"line":19,"column":4},"end":{"line":19,"column":30}},"5":{"start":{"line":23,"column":2},"end":{"line":27,"column":3}},"6":{"start":{"line":25,"column":4},"end":{"line":25,"column":34}},"7":{"start":{"line":29,"column":2},"end":{"line":33,"column":3}},"8":{"start":{"line":31,"column":4},"end":{"line":31,"column":34}},"9":{"start":{"line":35,"column":2},"end":{"line":39,"column":3}},"10":{"start":{"line":37,"column":4},"end":{"line":37,"column":34}},"11":{"start":{"line":41,"column":2},"end":{"line":45,"column":3}},"12":{"start":{"line":43,"column":4},"end":{"line":43,"column":34}},"13":{"start":{"line":47,"column":2},"end":{"line":47,"column":17}},"14":{"start":{"line":51,"column":0},"end":{"line":51,"column":36}}},"fnMap":{"0":{"name":"extractImports","decl":{"start":{"line":1,"column":9},"end":{"line":1,"column":23}},"loc":{"start":{"line":1,"column":30},"end":{"line":49,"column":1}},"line":1}},"branchMap":{},"s":{"0":1,"1":1,"2":1,"3":1,"4":1,"5":1,"6":1,"7":1,"8":0,"9":1,"10":1,"11":1,"12":0,"13":1,"14":3},"f":{"0":1},"b":{},"_coverageSchema":"1a1c01bbd47fc00a2c39e90264f33305004495a9","hash":"4acd48a90c84ada2676983751f45e2b87d76bedf"}
,"D:\\Major Project\\repo-explorer-backend\\utils\\importResolver.js": {"path":"D:\\Major Project\\repo-explorer-backend\\utils\\importResolver.js","statementMap":{"0":{"start":{"line":1,"column":13},"end":{"line":1,"column":28}},"1":{"start":{"line":6,"column":2},"end":{"line":8,"column":3}},"2":{"start":{"line":7,"column":4},"end":{"line":7,"column":16}},"3":{"start":{"line":10,"column":21},"end":{"line":10,"column":46}},"4":{"start":{"line":12,"column":21},"end":{"line":14,"column":3}},"5":{"start":{"line":16,"column":24},"end":{"line":22,"column":3}},"6":{"start":{"line":24,"column":2},"end":{"line":28,"column":3}},"7":{"start":{"line":25,"column":4},"end":{"line":27,"column":5}},"8":{"start":{"line":26,"column":6},"end":{"line":26,"column":35}},"9":{"start":{"line":30,"column":2},"end":{"line":30,"column":14}},"10":{"start":{"line":35,"column":16},"end":{"line":35,"column":35}},"11":{"start":{"line":36,"column":16},"end":{"line":36,"column":20}},"12":{"start":{"line":38,"column":2},"end":{"line":41,"column":3}},"13":{"start":{"line":39,"column":4},"end":{"line":39,"column":37}},"14":{"start":{"line":39,"column":24},"end":{"line":39,"column":37}},"15":{"start":{"line":40,"column":4},"end":{"line":40,"column":28}},"16":{"start":{"line":43,"column":2},"end":{"line":43,"column":26}},"17":{"start":{"line":46,"column":0},"end":{"line":46,"column":39}}},"fnMap":{"0":{"name":"resolveImportPath","decl":{"start":{"line":3,"column":9},"end":{"line":3,"column":26}},"loc":{"start":{"line":3,"column":58},"end":{"line":31,"column":1}},"line":3},"1":{"name":"fileExistsInTree","decl":{"start":{"line":33,"column":9},"end":{"line":33,"column":25}},"loc":{"start":{"line":33,"column":42},"end":{"line":44,"column":1}},"line":33}},"branchMap":{"0":{"loc":{"start":{"line":6,"column":2},"end":{"line":8,"column":3}},"type":"if","locations":[{"start":{"line":6,"column":2},"end":{"line":8,"column":3}},{"start":{},"end":{}}],"line":6},"1":{"loc":{"start":{"line":25,"column":4},"end":{"line":27,"column":5}},"type":"if","locations":[{"start":{"line":25,"column":4},"end":{"line":27,"column":5}},{"start":{},"end":{}}],"line":25},"2":{"loc":{"start":{"line":39,"column":4},"end":{"line":39,"column":37}},"type":"if","locations":[{"start":{"line":39,"column":4},"end":{"line":39,"column":37}},{"start":{},"end":{}}],"line":39}},"s":{"0":7,"1":3,"2":0,"3":3,"4":3,"5":3,"6":3,"7":15,"8":0,"9":3,"10":15,"11":15,"12":15,"13":15,"14":15,"15":0,"16":0,"17":7},"f":{"0":3,"1":15},"b":{"0":[0,3],"1":[0,15],"2":[15,0]},"_coverageSchema":"1a1c01bbd47fc00a2c39e90264f33305004495a9","hash":"f9d3aebbe7e42bd5f41d3896e231dd020a919c69"}
,"D:\\Major Project\\repo-explorer-backend\\utils\\repoAnalyzer.js": {"path":"D:\\Major Project\\repo-explorer-backend\\utils\\repoAnalyzer.js","statementMap":{"0":{"start":{"line":3,"column":20},"end":{"line":3,"column":22}},"1":{"start":{"line":5,"column":30},"end":{"line":13,"column":3}},"2":{"start":{"line":15,"column":24},"end":{"line":22,"column":3}},"3":{"start":{"line":24,"column":22},"end":{"line":24,"column":24}},"4":{"start":{"line":30,"column":4},"end":{"line":71,"column":5}},"5":{"start":{"line":32,"column":23},"end":{"line":32,"column":52}},"6":{"start":{"line":34,"column":6},"end":{"line":69,"column":7}},"7":{"start":{"line":36,"column":8},"end":{"line":43,"column":9}},"8":{"start":{"line":38,"column":10},"end":{"line":41,"column":13}},"9":{"start":{"line":45,"column":8},"end":{"line":52,"column":9}},"10":{"start":{"line":50,"column":10},"end":{"line":50,"column":39}},"11":{"start":{"line":58,"column":8},"end":{"line":65,"column":9}},"12":{"start":{"line":60,"column":10},"end":{"line":63,"column":13}},"13":{"start":{"line":67,"column":8},"end":{"line":67,"column":34}},"14":{"start":{"line":75,"column":2},"end":{"line":75,"column":13}},"15":{"start":{"line":80,"column":2},"end":{"line":91,"column":3}},"16":{"start":{"line":82,"column":4},"end":{"line":89,"column":7}},"17":{"start":{"line":84,"column":6},"end":{"line":87,"column":9}},"18":{"start":{"line":93,"column":2},"end":{"line":93,"column":19}},"19":{"start":{"line":97,"column":0},"end":{"line":97,"column":29}}},"fnMap":{"0":{"name":"analyzeRepo","decl":{"start":{"line":1,"column":9},"end":{"line":1,"column":20}},"loc":{"start":{"line":1,"column":27},"end":{"line":95,"column":1}},"line":1},"1":{"name":"walk","decl":{"start":{"line":28,"column":11},"end":{"line":28,"column":15}},"loc":{"start":{"line":28,"column":33},"end":{"line":73,"column":3}},"line":28},"2":{"name":"(anonymous_2)","decl":{"start":{"line":82,"column":38},"end":{"line":82,"column":39}},"loc":{"start":{"line":82,"column":46},"end":{"line":89,"column":5}},"line":82}},"branchMap":{"0":{"loc":{"start":{"line":28,"column":22},"end":{"line":28,"column":31}},"type":"default-arg","locations":[{"start":{"line":28,"column":29},"end":{"line":28,"column":31}}],"line":28},"1":{"loc":{"start":{"line":32,"column":23},"end":{"line":32,"column":52}},"type":"cond-expr","locations":[{"start":{"line":32,"column":30},"end":{"line":32,"column":46}},{"start":{"line":32,"column":49},"end":{"line":32,"column":52}}],"line":32},"2":{"loc":{"start":{"line":34,"column":6},"end":{"line":69,"column":7}},"type":"if","locations":[{"start":{"line":34,"column":6},"end":{"line":69,"column":7}},{"start":{"line":56,"column":11},"end":{"line":69,"column":7}}],"line":34},"3":{"loc":{"start":{"line":36,"column":8},"end":{"line":43,"column":9}},"type":"if","locations":[{"start":{"line":36,"column":8},"end":{"line":43,"column":9}},{"start":{},"end":{}}],"line":36},"4":{"loc":{"start":{"line":45,"column":8},"end":{"line":52,"column":9}},"type":"if","locations":[{"start":{"line":45,"column":8},"end":{"line":52,"column":9}},{"start":{},"end":{}}],"line":45},"5":{"loc":{"start":{"line":46,"column":10},"end":{"line":47,"column":29}},"type":"binary-expr","locations":[{"start":{"line":46,"column":10},"end":{"line":46,"column":29}},{"start":{"line":47,"column":10},"end":{"line":47,"column":29}}],"line":46},"6":{"loc":{"start":{"line":58,"column":8},"end":{"line":65,"column":9}},"type":"if","locations":[{"start":{"line":58,"column":8},"end":{"line":65,"column":9}},{"start":{},"end":{}}],"line":58},"7":{"loc":{"start":{"line":80,"column":2},"end":{"line":91,"column":3}},"type":"if","locations":[{"start":{"line":80,"column":2},"end":{"line":91,"column":3}},{"start":{},"end":{}}],"line":80}},"s":{"0":1,"1":1,"2":1,"3":1,"4":1,"5":0,"6":0,"7":0,"8":0,"9":0,"10":0,"11":0,"12":0,"13":0,"14":1,"15":1,"16":1,"17":0,"18":1,"19":2},"f":{"0":1,"1":1,"2":0},"b":{"0":[1],"1":[0,0],"2":[0,0],"3":[0,0],"4":[0,0],"5":[0,0],"6":[0,0],"7":[1,0]},"_coverageSchema":"1a1c01bbd47fc00a2c39e90264f33305004495a9","hash":"de1e187ca5a12464665bac0939f81d09f3711ec2"}
,"D:\\Major Project\\repo-explorer-backend\\utils\\repoFilter.js": {"path":"D:\\Major Project\\repo-explorer-backend\\utils\\repoFilter.js","statementMap":{"0":{"start":{"line":1,"column":24},"end":{"line":12,"column":1}},"1":{"start":{"line":14,"column":22},"end":{"line":22,"column":1}},"2":{"start":{"line":24,"column":27},"end":{"line":40,"column":1}},"3":{"start":{"line":44,"column":2},"end":{"line":88,"column":5}},"4":{"start":{"line":46,"column":18},"end":{"line":46,"column":38}},"5":{"start":{"line":51,"column":4},"end":{"line":53,"column":5}},"6":{"start":{"line":51,"column":24},"end":{"line":51,"column":51}},"7":{"start":{"line":52,"column":6},"end":{"line":52,"column":19}},"8":{"start":{"line":57,"column":21},"end":{"line":57,"column":44}},"9":{"start":{"line":62,"column":4},"end":{"line":64,"column":5}},"10":{"start":{"line":63,"column":6},"end":{"line":63,"column":19}},"11":{"start":{"line":69,"column":4},"end":{"line":75,"column":5}},"12":{"start":{"line":71,"column":8},"end":{"line":71,"column":44}},"13":{"start":{"line":74,"column":6},"end":{"line":74,"column":19}},"14":{"start":{"line":80,"column":4},"end":{"line":82,"column":5}},"15":{"start":{"line":81,"column":6},"end":{"line":81,"column":19}},"16":{"start":{"line":86,"column":4},"end":{"line":86,"column":16}},"17":{"start":{"line":92,"column":0},"end":{"line":92,"column":33}}},"fnMap":{"0":{"name":"filterRepoFiles","decl":{"start":{"line":42,"column":9},"end":{"line":42,"column":24}},"loc":{"start":{"line":42,"column":32},"end":{"line":90,"column":1}},"line":42},"1":{"name":"(anonymous_1)","decl":{"start":{"line":44,"column":22},"end":{"line":44,"column":23}},"loc":{"start":{"line":44,"column":30},"end":{"line":88,"column":3}},"line":44},"2":{"name":"(anonymous_2)","decl":{"start":{"line":51,"column":19},"end":{"line":51,"column":20}},"loc":{"start":{"line":51,"column":24},"end":{"line":51,"column":51}},"line":51},"3":{"name":"(anonymous_3)","decl":{"start":{"line":70,"column":30},"end":{"line":70,"column":31}},"loc":{"start":{"line":71,"column":8},"end":{"line":71,"column":44}},"line":71}},"branchMap":{"0":{"loc":{"start":{"line":51,"column":4},"end":{"line":53,"column":5}},"type":"if","locations":[{"start":{"line":51,"column":4},"end":{"line":53,"column":5}},{"start":{},"end":{}}],"line":51},"1":{"loc":{"start":{"line":62,"column":4},"end":{"line":64,"column":5}},"type":"if","locations":[{"start":{"line":62,"column":4},"end":{"line":64,"column":5}},{"start":{},"end":{}}],"line":62},"2":{"loc":{"start":{"line":69,"column":4},"end":{"line":75,"column":5}},"type":"if","locations":[{"start":{"line":69,"column":4},"end":{"line":75,"column":5}},{"start":{},"end":{}}],"line":69},"3":{"loc":{"start":{"line":80,"column":4},"end":{"line":82,"column":5}},"type":"if","locations":[{"start":{"line":80,"column":4},"end":{"line":82,"column":5}},{"start":{},"end":{}}],"line":80}},"s":{"0":2,"1":2,"2":2,"3":1,"4":0,"5":0,"6":0,"7":0,"8":0,"9":0,"10":0,"11":0,"12":0,"13":0,"14":0,"15":0,"16":0,"17":2},"f":{"0":1,"1":0,"2":0,"3":0},"b":{"0":[0,0],"1":[0,0],"2":[0,0],"3":[0,0]},"_coverageSchema":"1a1c01bbd47fc00a2c39e90264f33305004495a9","hash":"ae8434c9fa78718f7adf02b23cb4aeeef28cbfaf"}
,"D:\\Major Project\\repo-explorer-backend\\utils\\repoParser.js": {"path":"D:\\Major Project\\repo-explorer-backend\\utils\\repoParser.js","statementMap":{"0":{"start":{"line":2,"column":15},"end":{"line":2,"column":17}},"1":{"start":{"line":4,"column":2},"end":{"line":15,"column":5}},"2":{"start":{"line":5,"column":18},"end":{"line":5,"column":38}},"3":{"start":{"line":6,"column":18},"end":{"line":6,"column":22}},"4":{"start":{"line":8,"column":4},"end":{"line":14,"column":7}},"5":{"start":{"line":9,"column":6},"end":{"line":11,"column":7}},"6":{"start":{"line":10,"column":8},"end":{"line":10,"column":63}},"7":{"start":{"line":13,"column":6},"end":{"line":13,"column":30}},"8":{"start":{"line":17,"column":2},"end":{"line":17,"column":14}},"9":{"start":{"line":20,"column":0},"end":{"line":20,"column":27}}},"fnMap":{"0":{"name":"buildTree","decl":{"start":{"line":1,"column":9},"end":{"line":1,"column":18}},"loc":{"start":{"line":1,"column":26},"end":{"line":18,"column":1}},"line":1},"1":{"name":"(anonymous_1)","decl":{"start":{"line":4,"column":16},"end":{"line":4,"column":17}},"loc":{"start":{"line":4,"column":26},"end":{"line":15,"column":3}},"line":4},"2":{"name":"(anonymous_2)","decl":{"start":{"line":8,"column":18},"end":{"line":8,"column":19}},"loc":{"start":{"line":8,"column":35},"end":{"line":14,"column":5}},"line":8}},"branchMap":{"0":{"loc":{"start":{"line":9,"column":6},"end":{"line":11,"column":7}},"type":"if","locations":[{"start":{"line":9,"column":6},"end":{"line":11,"column":7}},{"start":{},"end":{}}],"line":9},"1":{"loc":{"start":{"line":10,"column":24},"end":{"line":10,"column":62}},"type":"cond-expr","locations":[{"start":{"line":10,"column":53},"end":{"line":10,"column":57}},{"start":{"line":10,"column":60},"end":{"line":10,"column":62}}],"line":10}},"s":{"0":2,"1":2,"2":2,"3":2,"4":2,"5":5,"6":4,"7":5,"8":2,"9":3},"f":{"0":2,"1":2,"2":5},"b":{"0":[4,1],"1":[2,2]},"_coverageSchema":"1a1c01bbd47fc00a2c39e90264f33305004495a9","hash":"a8d3ecfd3308d0194b8dce41299e94545d5daa31"}
,"D:\\Major Project\\repo-explorer-backend\\validators\\repo.validator.js": {"path":"D:\\Major Project\\repo-explorer-backend\\validators\\repo.validator.js","statementMap":{"0":{"start":{"line":1,"column":14},"end":{"line":1,"column":28}},"1":{"start":{"line":6,"column":25},"end":{"line":15,"column":2}},"2":{"start":{"line":12,"column":15},"end":{"line":12,"column":41}},"3":{"start":{"line":20,"column":22},"end":{"line":24,"column":2}},"4":{"start":{"line":29,"column":28},"end":{"line":32,"column":2}},"5":{"start":{"line":37,"column":28},"end":{"line":39,"column":2}},"6":{"start":{"line":44,"column":20},"end":{"line":46,"column":2}},"7":{"start":{"line":48,"column":0},"end":{"line":54,"column":2}}},"fnMap":{"0":{"name":"(anonymous_0)","decl":{"start":{"line":12,"column":6},"end":{"line":12,"column":7}},"loc":{"start":{"line":12,"column":15},"end":{"line":12,"column":41}},"line":12}},"branchMap":{},"s":{"0":2,"1":2,"2":2,"3":2,"4":2,"5":2,"6":2,"7":2},"f":{"0":2},"b":{},"_coverageSchema":"1a1c01bbd47fc00a2c39e90264f33305004495a9","hash":"5fb0cd34d2b2b21a3b4e1976f550786657ae04ac"}
}
