TN:
SF:server.js
FN:41,startServer
FN:44,(anonymous_1)
FNF:2
FNH:0
FNDA:0,startServer
FNDA:0,(anonymous_1)
DA:1,2
DA:3,2
DA:4,2
DA:6,2
DA:7,2
DA:9,2
DA:10,2
DA:12,2
DA:13,2
DA:14,2
DA:15,2
DA:17,2
DA:19,2
DA:20,2
DA:23,2
DA:24,2
DA:25,2
DA:28,2
DA:31,2
DA:34,2
DA:35,2
DA:37,2
DA:42,0
DA:44,0
DA:45,0
DA:50,2
DA:51,0
DA:55,2
DA:58,2
LF:29
LH:25
BRDA:37,0,0,2
BRDA:37,0,1,2
BRDA:50,1,0,0
BRDA:50,1,1,2
BRF:4
BRH:3
end_of_record
TN:
SF:config\db.js
FN:3,connectDB
FNF:1
FNH:0
FNDA:0,connectDB
DA:1,2
DA:6,0
DA:7,0
DA:8,0
DA:11,0
DA:13,0
DA:15,0
DA:19,0
DA:20,0
DA:25,2
LF:10
LH:2
BRDA:6,0,0,0
BRDA:6,0,1,0
BRF:2
BRH:0
end_of_record
TN:
SF:middlewares\errorHandler.js
FN:1,errorHandler
FNF:1
FNH:0
FNDA:0,errorHandler
DA:3,0
DA:5,0
DA:12,2
LF:3
LH:1
BRDA:5,0,0,0
BRDA:5,0,1,0
BRDA:8,1,0,0
BRDA:8,1,1,0
BRF:4
BRH:0
end_of_record
TN:
SF:middlewares\logger.js
FNF:0
FNH:0
DA:1,2
DA:3,2
DA:7,2
LF:3
LH:3
BRF:0
BRH:0
end_of_record
TN:
SF:middlewares\notFound.js
FN:1,notFound
FNF:1
FNH:0
FNDA:0,notFound
DA:3,0
DA:9,2
LF:2
LH:1
BRF:0
BRH:0
end_of_record
TN:
SF:middlewares\rateLimiter.js
FNF:0
FNH:0
DA:1,2
DA:6,2
DA:20,2
DA:29,2
LF:4
LH:4
BRF:0
BRH:0
end_of_record
TN:
SF:middlewares\requestId.js
FN:3,requestId
FNF:1
FNH:1
FNDA:4,requestId
DA:1,2
DA:4,4
DA:5,4
DA:8,2
LF:4
LH:4
BRF:0
BRH:0
end_of_record
TN:
SF:middlewares\timeout.js
FN:1,timeout
FN:2,(anonymous_1)
FN:4,(anonymous_2)
FN:13,(anonymous_3)
FNF:4
FNH:3
FNDA:2,timeout
FNDA:4,(anonymous_1)
FNDA:0,(anonymous_2)
FNDA:4,(anonymous_3)
DA:2,2
DA:4,4
DA:6,0
DA:13,4
DA:15,4
DA:19,2
LF:6
LH:5
BRF:0
BRH:0
end_of_record
TN:
SF:middlewares\validate.js
FN:1,validate
FN:2,(anonymous_1)
FNF:2
FNH:2
FNDA:10,validate
FNDA:4,(anonymous_1)
DA:2,10
DA:3,4
DA:4,4
DA:6,4
DA:7,2
DA:13,2
DA:15,2
DA:18,0
DA:23,2
LF:9
LH:8
BRDA:1,0,0,2
BRDA:6,1,0,2
BRDA:6,1,1,2
BRF:3
BRH:3
end_of_record
TN:
SF:models\fileCache.model.js
FNF:0
FNH:0
DA:1,1
DA:3,1
DA:19,1
DA:25,1
DA:31,1
DA:33,1
LF:6
LH:6
BRDA:34,0,0,1
BRDA:34,0,1,1
BRF:2
BRH:2
end_of_record
TN:
SF:models\repoCache.model.js
FNF:0
FNH:0
DA:1,4
DA:3,4
DA:17,4
DA:23,4
DA:28,4
LF:5
LH:5
BRDA:29,0,0,4
BRDA:29,0,1,4
BRF:2
BRH:2
end_of_record
TN:
SF:modules\ai\ai.service.js
FN:11,withTimeout
FN:16,(anonymous_1)
FN:17,(anonymous_2)
FN:21,(anonymous_3)
FN:27,callGemini
FN:94,summarizeRepo
FN:103,(anonymous_6)
FN:135,explainCode
FNF:8
FNH:7
FNDA:15,withTimeout
FNDA:15,(anonymous_1)
FNDA:0,(anonymous_2)
FNDA:15,(anonymous_3)
FNDA:15,callGemini
FNDA:10,summarizeRepo
FNDA:18,(anonymous_6)
FNDA:7,explainCode
DA:1,19
DA:4,19
DA:6,19
DA:14,15
DA:17,15
DA:18,0
DA:21,15
DA:29,15
DA:30,15
DA:32,15
DA:33,1
DA:36,14
DA:38,14
DA:55,11
DA:57,11
DA:60,11
DA:62,11
DA:64,11
DA:65,1
DA:68,10
DA:70,10
DA:71,1
DA:74,9
DA:76,9
DA:77,3
DA:80,6
DA:84,8
DA:85,8
DA:87,8
DA:96,10
DA:98,10
DA:100,10
DA:103,18
DA:110,10
DA:112,10
DA:114,10
DA:116,3
DA:117,0
DA:120,3
DA:122,3
DA:126,7
DA:128,7
DA:137,7
DA:139,7
DA:140,2
DA:143,5
DA:145,5
DA:157,5
DA:159,5
DA:161,3
DA:162,0
DA:165,3
DA:167,3
DA:171,2
DA:173,2
DA:177,19
LF:56
LH:53
BRDA:30,0,0,14
BRDA:30,0,1,1
BRDA:32,1,0,1
BRDA:32,1,1,14
BRDA:64,2,0,1
BRDA:64,2,1,10
BRDA:64,3,0,11
BRDA:64,3,1,11
BRDA:70,4,0,1
BRDA:70,4,1,9
BRDA:70,5,0,10
BRDA:70,5,1,10
BRDA:76,6,0,3
BRDA:76,6,1,6
BRDA:85,7,0,8
BRDA:85,7,1,8
BRDA:116,8,0,0
BRDA:116,8,1,3
BRDA:139,9,0,2
BRDA:139,9,1,5
BRDA:139,10,0,7
BRDA:139,10,1,6
BRDA:161,11,0,0
BRDA:161,11,1,3
BRF:24
BRH:22
end_of_record
TN:
SF:modules\repo\architecture.service.js
FN:1,detectArchitecture
FN:12,walk
FNF:2
FNH:2
FNDA:1,detectArchitecture
FNDA:1,walk
DA:3,1
DA:14,1
DA:16,0
DA:20,0
DA:22,0
DA:30,0
DA:38,0
DA:39,0
DA:49,0
DA:56,0
DA:66,0
DA:74,0
DA:84,0
DA:86,0
DA:96,0
DA:102,0
DA:112,0
DA:125,0
DA:133,0
DA:141,1
DA:143,1
DA:147,2
LF:22
LH:5
BRDA:12,0,0,1
BRDA:16,1,0,0
BRDA:16,1,1,0
BRDA:20,2,0,0
BRDA:20,2,1,0
BRDA:30,3,0,0
BRDA:30,3,1,0
BRDA:31,4,0,0
BRDA:31,4,1,0
BRDA:31,4,2,0
BRDA:31,4,3,0
BRDA:31,4,4,0
BRDA:49,5,0,0
BRDA:49,5,1,0
BRDA:50,6,0,0
BRDA:50,6,1,0
BRDA:50,6,2,0
BRDA:50,6,3,0
BRDA:66,7,0,0
BRDA:66,7,1,0
BRDA:67,8,0,0
BRDA:67,8,1,0
BRDA:67,8,2,0
BRDA:67,8,3,0
BRDA:67,8,4,0
BRDA:84,9,0,0
BRDA:84,9,1,0
BRDA:96,10,0,0
BRDA:96,10,1,0
BRDA:97,11,0,0
BRDA:97,11,1,0
BRDA:97,11,2,0
BRDA:112,12,0,0
BRDA:112,12,1,0
BRDA:113,13,0,0
BRDA:113,13,1,0
BRDA:113,13,2,0
BRDA:113,13,3,0
BRDA:113,13,4,0
BRDA:113,13,5,0
BRDA:113,13,6,0
BRDA:113,13,7,0
BRDA:113,13,8,0
BRDA:113,13,9,0
BRF:44
BRH:1
end_of_record
TN:
SF:modules\repo\repo.controller.js
FN:9,(anonymous_0)
FN:24,(anonymous_1)
FN:67,(anonymous_2)
FN:92,(anonymous_3)
FN:124,(anonymous_4)
FNF:5
FNH:2
FNDA:3,(anonymous_0)
FNDA:3,(anonymous_1)
FNDA:0,(anonymous_2)
FNDA:0,(anonymous_3)
FNDA:0,(anonymous_4)
DA:1,3
DA:2,3
DA:3,3
DA:4,3
DA:9,3
DA:10,3
DA:11,3
DA:13,3
DA:15,2
DA:17,1
DA:24,3
DA:25,3
DA:26,3
DA:28,3
DA:29,1
DA:34,2
DA:36,2
DA:43,2
DA:50,2
DA:60,0
DA:67,3
DA:68,0
DA:69,0
DA:71,0
DA:72,0
DA:77,0
DA:79,0
DA:85,0
DA:92,3
DA:93,0
DA:94,0
DA:96,0
DA:98,0
DA:99,0
DA:104,0
DA:110,0
DA:117,0
DA:124,3
DA:125,0
DA:126,0
DA:128,0
DA:129,0
DA:134,0
DA:136,0
DA:137,0
DA:142,0
DA:149,0
LF:47
LH:22
BRDA:28,0,0,1
BRDA:28,0,1,2
BRDA:28,1,0,3
BRDA:28,1,1,2
BRDA:28,1,2,2
BRDA:71,2,0,0
BRDA:71,2,1,0
BRDA:98,3,0,0
BRDA:98,3,1,0
BRDA:128,4,0,0
BRDA:128,4,1,0
BRDA:136,5,0,0
BRDA:136,5,1,0
BRF:13
BRH:5
end_of_record
TN:
SF:modules\repo\repo.routes.js
FNF:0
FNH:0
DA:1,2
DA:2,2
DA:4,2
DA:5,2
DA:7,2
DA:15,2
DA:20,2
DA:29,2
DA:39,2
DA:48,2
DA:57,2
DA:63,2
LF:12
LH:12
BRF:0
BRH:0
end_of_record
TN:
SF:modules\repo\repo.service.js
FN:19,fetchRepo
FN:116,fetchFile
FN:136,getLatestCommitSha
FN:154,explainFile
FNF:4
FNH:2
FNDA:2,fetchRepo
FNDA:0,fetchFile
FNDA:1,getLatestCommitSha
FNDA:0,explainFile
DA:1,2
DA:2,2
DA:3,2
DA:4,2
DA:5,2
DA:6,2
DA:7,2
DA:9,2
DA:10,2
DA:12,2
DA:14,2
DA:21,2
DA:26,2
DA:28,2
DA:29,1
DA:32,1
DA:33,1
DA:35,1
DA:37,1
DA:40,1
DA:46,0
DA:48,0
DA:60,1
DA:62,1
DA:64,1
DA:65,1
DA:67,1
DA:68,1
DA:70,1
DA:72,1
DA:74,1
DA:75,1
DA:77,1
DA:79,1
DA:80,1
DA:84,0
DA:87,1
DA:101,1
DA:118,0
DA:120,0
DA:122,0
DA:124,0
DA:126,0
DA:129,0
DA:138,1
DA:142,1
DA:144,1
DA:148,1
DA:156,0
DA:159,0
DA:166,0
DA:167,0
DA:174,0
DA:176,0
DA:177,0
DA:181,0
DA:183,0
DA:185,0
DA:187,0
DA:189,0
DA:191,0
DA:193,0
DA:194,0
DA:199,0
DA:207,0
DA:209,0
DA:210,0
DA:212,0
DA:213,0
DA:217,0
DA:221,0
DA:227,0
DA:233,2
LF:73
LH:40
BRDA:14,0,0,2
BRDA:14,0,1,2
BRDA:28,1,0,1
BRDA:28,1,1,1
BRDA:40,2,0,0
BRDA:40,2,1,1
BRDA:41,3,0,1
BRDA:41,3,1,0
BRDA:41,3,2,0
BRDA:41,3,3,0
BRDA:79,4,0,1
BRDA:79,4,1,0
BRDA:79,5,0,1
BRDA:79,5,1,1
BRDA:166,6,0,0
BRDA:166,6,1,0
BRDA:176,7,0,0
BRDA:176,7,1,0
BRDA:176,8,0,0
BRDA:176,8,1,0
BRDA:183,9,0,0
BRDA:183,9,1,0
BRDA:193,10,0,0
BRDA:193,10,1,0
BRDA:212,11,0,0
BRDA:212,11,1,0
BRDA:212,12,0,0
BRDA:212,12,1,0
BRF:28
BRH:9
end_of_record
TN:
SF:services\github.service.js
FN:3,(anonymous_0)
FNF:1
FNH:0
FNDA:0,(anonymous_0)
DA:1,1
DA:3,1
DA:5,0
DA:11,0
DA:12,0
DA:15,0
DA:18,0
DA:23,0
DA:26,0
DA:31,0
DA:35,0
DA:36,0
DA:39,0
LF:13
LH:2
BRDA:11,0,0,0
BRDA:11,0,1,0
BRDA:35,1,0,0
BRDA:35,1,1,0
BRDA:35,2,0,0
BRDA:35,2,1,0
BRF:6
BRH:0
end_of_record
TN:
SF:utils\axiosClient.js
FN:18,(anonymous_0)
FN:25,(anonymous_1)
FN:32,(anonymous_2)
FN:34,(anonymous_3)
FNF:4
FNH:0
FNDA:0,(anonymous_0)
FNDA:0,(anonymous_1)
FNDA:0,(anonymous_2)
FNDA:0,(anonymous_3)
DA:1,2
DA:3,2
DA:17,2
DA:21,0
DA:23,0
DA:25,0
DA:31,2
DA:32,0
DA:36,0
DA:39,0
DA:40,0
DA:43,0
DA:45,0
DA:47,0
DA:51,2
LF:15
LH:5
BRDA:8,0,0,2
BRDA:8,0,1,0
BRDA:39,1,0,0
BRDA:39,1,1,0
BRDA:39,2,0,0
BRDA:39,2,1,0
BRF:6
BRH:1
end_of_record
TN:
SF:utils\dependencyGraph.js
FN:4,buildDependencyGraph
FN:8,walk
FN:34,addDependencies
FN:39,(anonymous_3)
FNF:4
FNH:2
FNDA:0,buildDependencyGraph
FNDA:0,walk
FNDA:1,addDependencies
FNDA:2,(anonymous_3)
DA:1,3
DA:2,3
DA:6,0
DA:10,0
DA:12,0
DA:14,0
DA:16,0
DA:20,0
DA:24,0
DA:29,0
DA:31,0
DA:36,1
DA:38,1
DA:40,2
DA:44,1
DA:47,3
LF:16
LH:7
BRDA:8,0,0,0
BRDA:12,1,0,0
BRDA:12,1,1,0
BRDA:14,2,0,0
BRDA:14,2,1,0
BRDA:16,3,0,0
BRDA:16,3,1,0
BRDA:17,4,0,0
BRDA:17,4,1,0
BRF:9
BRH:0
end_of_record
TN:
SF:utils\findUsage.js
FN:1,findFileUsage
FNF:1
FNH:1
FNDA:1,findFileUsage
DA:3,1
DA:5,1
DA:7,2
DA:9,2
DA:10,1
DA:15,1
DA:18,4
LF:7
LH:7
BRDA:9,0,0,1
BRDA:9,0,1,1
BRF:2
BRH:2
end_of_record
TN:
SF:utils\importParser.js
FN:1,extractImports
FNF:1
FNH:1
FNDA:1,extractImports
DA:3,1
DA:7,1
DA:11,1
DA:15,1
DA:19,1
DA:23,1
DA:25,1
DA:29,1
DA:31,0
DA:35,1
DA:37,1
DA:41,1
DA:43,0
DA:47,1
DA:51,3
LF:15
LH:13
BRF:0
BRH:0
end_of_record
TN:
SF:utils\importResolver.js
FN:3,resolveImportPath
FN:33,fileExistsInTree
FNF:2
FNH:2
FNDA:3,resolveImportPath
FNDA:15,fileExistsInTree
DA:1,7
DA:6,3
DA:7,0
DA:10,3
DA:12,3
DA:16,3
DA:24,3
DA:25,15
DA:26,0
DA:30,3
DA:35,15
DA:36,15
DA:38,15
DA:39,15
DA:40,0
DA:43,0
DA:46,7
LF:17
LH:13
BRDA:6,0,0,0
BRDA:6,0,1,3
BRDA:25,1,0,0
BRDA:25,1,1,15
BRDA:39,2,0,15
BRDA:39,2,1,0
BRF:6
BRH:3
end_of_record
TN:
SF:utils\repoAnalyzer.js
FN:1,analyzeRepo
FN:28,walk
FN:82,(anonymous_2)
FNF:3
FNH:2
FNDA:1,analyzeRepo
FNDA:1,walk
FNDA:0,(anonymous_2)
DA:3,1
DA:5,1
DA:15,1
DA:24,1
DA:30,1
DA:32,0
DA:34,0
DA:36,0
DA:38,0
DA:45,0
DA:50,0
DA:58,0
DA:60,0
DA:67,0
DA:75,1
DA:80,1
DA:82,1
DA:84,0
DA:93,1
DA:97,2
LF:20
LH:10
BRDA:28,0,0,1
BRDA:32,1,0,0
BRDA:32,1,1,0
BRDA:34,2,0,0
BRDA:34,2,1,0
BRDA:36,3,0,0
BRDA:36,3,1,0
BRDA:45,4,0,0
BRDA:45,4,1,0
BRDA:46,5,0,0
BRDA:46,5,1,0
BRDA:58,6,0,0
BRDA:58,6,1,0
BRDA:80,7,0,1
BRDA:80,7,1,0
BRF:15
BRH:2
end_of_record
TN:
SF:utils\repoFilter.js
FN:42,filterRepoFiles
FN:44,(anonymous_1)
FN:51,(anonymous_2)
FN:70,(anonymous_3)
FNF:4
FNH:1
FNDA:1,filterRepoFiles
FNDA:0,(anonymous_1)
FNDA:0,(anonymous_2)
FNDA:0,(anonymous_3)
DA:1,2
DA:14,2
DA:24,2
DA:44,1
DA:46,0
DA:51,0
DA:52,0
DA:57,0
DA:62,0
DA:63,0
DA:69,0
DA:71,0
DA:74,0
DA:80,0
DA:81,0
DA:86,0
DA:92,2
LF:17
LH:5
BRDA:51,0,0,0
BRDA:51,0,1,0
BRDA:62,1,0,0
BRDA:62,1,1,0
BRDA:69,2,0,0
BRDA:69,2,1,0
BRDA:80,3,0,0
BRDA:80,3,1,0
BRF:8
BRH:0
end_of_record
TN:
SF:utils\repoParser.js
FN:1,buildTree
FN:4,(anonymous_1)
FN:8,(anonymous_2)
FNF:3
FNH:3
FNDA:2,buildTree
FNDA:2,(anonymous_1)
FNDA:5,(anonymous_2)
DA:2,2
DA:4,2
DA:5,2
DA:6,2
DA:8,2
DA:9,5
DA:10,4
DA:13,5
DA:17,2
DA:20,3
LF:10
LH:10
BRDA:9,0,0,4
BRDA:9,0,1,1
BRDA:10,1,0,2
BRDA:10,1,1,2
BRF:4
BRH:4
end_of_record
TN:
SF:validators\repo.validator.js
FN:12,(anonymous_0)
FNF:1
FNH:1
FNDA:2,(anonymous_0)
DA:1,2
DA:6,2
DA:12,2
DA:20,2
DA:29,2
DA:37,2
DA:44,2
DA:48,2
LF:8
LH:8
BRF:0
BRH:0
end_of_record
